INFO:__main__:hello rov
INFO:__main__:Started logger
INFO:Interfaces.i2cbus:hello i2c bus
INFO:Drivers.Revolver:hello revolver
INFO:Drivers.Revolver:hello revolver
INFO:Drivers.Revolver:hello revolver
INFO:Drivers.Revolver:hello revolver
INFO:Drivers.Revolver:hello revolver
INFO:Drivers.Revolver:hello revolver
INFO:Interfaces.Surface:Attemping to bind to client
INFO:Interfaces.TCP:Connected by ('192.168.1.9', 9365)
INFO:Interfaces.Surface:Done bind to client
INFO:__main__:running!
INFO:__main__:hello rov
INFO:__main__:Started logger
INFO:Interfaces.i2cbus:hello i2c bus
INFO:Drivers.Revolver:hello revolver
INFO:Drivers.Revolver:hello revolver
INFO:Drivers.Revolver:hello revolver
INFO:Drivers.Revolver:hello revolver
INFO:Drivers.Revolver:hello revolver
INFO:Drivers.Revolver:hello revolver
INFO:Interfaces.Surface:Attemping to bind to client
INFO:Interfaces.TCP:Connected by ('192.168.1.9', 9366)
INFO:Interfaces.Surface:Done bind to client
INFO:__main__:running!
INFO:__main__:hello rov
INFO:__main__:Started logger
INFO:Interfaces.i2cbus:hello i2c bus
INFO:Drivers.Revolver:hello revolver
INFO:Drivers.Revolver:hello revolver
INFO:Drivers.Revolver:hello revolver
INFO:Drivers.Revolver:hello revolver
INFO:Drivers.Revolver:hello revolver
INFO:Drivers.Revolver:hello revolver
INFO:Interfaces.Surface:Attemping to bind to client
INFO:Interfaces.TCP:Connected by ('192.168.1.9', 9426)
INFO:Interfaces.Surface:Done bind to client
INFO:__main__:running!
INFO:__main__:hello rov
INFO:__main__:Started logger
INFO:Interfaces.i2cbus:hello i2c bus
INFO:Drivers.Revolver:hello revolver
INFO:Drivers.Revolver:hello revolver
INFO:Drivers.Revolver:hello revolver
INFO:Drivers.Revolver:hello revolver
INFO:Drivers.Revolver:hello revolver
INFO:Drivers.Revolver:hello revolver
INFO:Interfaces.Surface:Attemping to bind to client
INFO:Interfaces.TCP:Connected by ('192.168.1.9', 9442)
INFO:Interfaces.Surface:Done bind to client
INFO:__main__:running!
INFO:__main__:hello rov
INFO:__main__:Started logger
INFO:Interfaces.i2cbus:hello i2c bus
INFO:Drivers.Revolver:hello revolver
INFO:Drivers.Revolver:hello revolver
INFO:Drivers.Revolver:hello revolver
INFO:Drivers.Revolver:hello revolver
INFO:Drivers.Revolver:hello revolver
INFO:Drivers.Revolver:hello revolver
INFO:Interfaces.Surface:Attemping to bind to client
INFO:Interfaces.TCP:Connected by ('192.168.1.9', 9458)
INFO:Interfaces.Surface:Done bind to client
INFO:__main__:running!
INFO:__main__:running!
INFO:__main__:running!
INFO:__main__:running!
INFO:__main__:running!
INFO:__main__:running!
INFO:__main__:running!
INFO:__main__:running!
INFO:__main__:running!
INFO:__main__:running!
INFO:__main__:running!
INFO:__main__:running!
INFO:__main__:running!
INFO:__main__:running!
INFO:__main__:running!
INFO:__main__:running!
INFO:__main__:running!
INFO:__main__:running!
INFO:__main__:running!
INFO:__main__:running!
INFO:__main__:running!
INFO:__main__:running!
INFO:__main__:running!
INFO:__main__:running!
INFO:__main__:running!
INFO:__main__:running!
INFO:__main__:running!
INFO:__main__:running!
INFO:__main__:running!
INFO:__main__:running!
INFO:__main__:running!
INFO:__main__:running!
INFO:__main__:running!
INFO:__main__:running!
INFO:__main__:running!
INFO:__main__:running!
INFO:__main__:running!
INFO:__main__:running!
INFO:__main__:running!
INFO:__main__:running!
INFO:__main__:running!
INFO:__main__:running!
INFO:__main__:running!
INFO:__main__:running!
INFO:__main__:running!
INFO:__main__:running!
INFO:__main__:running!
INFO:__main__:running!
INFO:__main__:running!
INFO:__main__:running!
INFO:__main__:running!
INFO:__main__:running!
INFO:__main__:running!
INFO:__main__:running!
INFO:__main__:running!
INFO:__main__:running!
INFO:__main__:running!
INFO:__main__:running!
INFO:__main__:running!
INFO:__main__:running!
INFO:__main__:running!
INFO:__main__:running!
INFO:__main__:running!
INFO:Interfaces.TCP:Connected by ('192.168.1.9', 9463)
INFO:__main__:running!
INFO:__main__:running!
INFO:__main__:running!
INFO:__main__:running!
INFO:__main__:running!
INFO:__main__:running!
INFO:__main__:running!
INFO:__main__:running!
INFO:__main__:running!
INFO:__main__:running!
INFO:__main__:running!
INFO:__main__:running!
INFO:__main__:running!
INFO:__main__:running!
INFO:__main__:running!
INFO:__main__:running!
INFO:__main__:running!
INFO:__main__:running!
INFO:__main__:running!
INFO:__main__:running!
INFO:__main__:running!
INFO:__main__:running!
INFO:__main__:running!
INFO:__main__:running!
INFO:__main__:running!
INFO:__main__:running!
INFO:__main__:running!
INFO:__main__:running!
INFO:__main__:running!
INFO:__main__:running!
INFO:__main__:running!
INFO:__main__:running!
INFO:__main__:running!
INFO:__main__:running!
INFO:__main__:running!
INFO:__main__:running!
INFO:__main__:running!
INFO:__main__:running!
INFO:__main__:running!
INFO:__main__:running!
INFO:__main__:running!
INFO:__main__:running!
INFO:__main__:running!
INFO:__main__:running!
INFO:__main__:running!
INFO:__main__:hello rov
INFO:__main__:Started logger
INFO:Interfaces.i2cbus:hello i2c bus
INFO:Drivers.Revolver:hello revolver
INFO:Drivers.Revolver:hello revolver
INFO:Drivers.Revolver:hello revolver
INFO:Drivers.Revolver:hello revolver
INFO:Drivers.Revolver:hello revolver
INFO:Drivers.Revolver:hello revolver
INFO:Interfaces.Surface:Attemping to bind to client
INFO:Interfaces.TCP:Connected by ('192.168.1.9', 9747)
INFO:Interfaces.Surface:Done bind to client
INFO:__main__:running!
INFO:__main__:hello rov
INFO:__main__:Started logger
INFO:Interfaces.i2cbus:hello i2c bus
INFO:Drivers.Revolver:hello revolver
INFO:Drivers.Revolver:hello revolver
INFO:Drivers.Revolver:hello revolver
INFO:Drivers.Revolver:hello revolver
INFO:Drivers.Revolver:hello revolver
INFO:Drivers.Revolver:hello revolver
INFO:Interfaces.Surface:Attemping to bind to client
INFO:Interfaces.TCP:Connected by ('192.168.1.9', 9749)
INFO:Interfaces.Surface:Done bind to client
INFO:__main__:running!
INFO:__main__:hello rov
INFO:__main__:Started logger
INFO:Interfaces.i2cbus:hello i2c bus
INFO:Drivers.Revolver:hello revolver
INFO:Drivers.Revolver:hello revolver
INFO:Drivers.Revolver:hello revolver
INFO:Drivers.Revolver:hello revolver
INFO:Drivers.Revolver:hello revolver
INFO:Drivers.Revolver:hello revolver
INFO:Interfaces.Surface:Attemping to bind to client
INFO:Interfaces.TCP:Connected by ('192.168.1.9', 9758)
INFO:Interfaces.Surface:Done bind to client
INFO:__main__:running!
INFO:__main__:hello rov
INFO:__main__:Started logger
INFO:Interfaces.i2cbus:hello i2c bus
INFO:Drivers.Revolver:hello revolver
INFO:Drivers.Revolver:hello revolver
INFO:Drivers.Revolver:hello revolver
INFO:Drivers.Revolver:hello revolver
INFO:Drivers.Revolver:hello revolver
INFO:Drivers.Revolver:hello revolver
INFO:Interfaces.Surface:Attemping to bind to client
INFO:__main__:hello rov
INFO:__main__:Started logger
INFO:Interfaces.i2cbus:hello i2c bus
INFO:Drivers.Revolver:hello revolver
INFO:Drivers.Revolver:hello revolver
INFO:Drivers.Revolver:hello revolver
INFO:Drivers.Revolver:hello revolver
INFO:Drivers.Revolver:hello revolver
INFO:Drivers.Revolver:hello revolver
INFO:Interfaces.Surface:Attemping to bind to client
INFO:Interfaces.TCP:Connected by ('192.168.1.9', 9760)
INFO:Interfaces.Surface:Done bind to client
INFO:__main__:running!
INFO:__main__:hello rov
INFO:__main__:Started logger
INFO:Interfaces.i2cbus:hello i2c bus
INFO:Drivers.Revolver:hello revolver
INFO:Drivers.Revolver:hello revolver
INFO:Drivers.Revolver:hello revolver
INFO:Drivers.Revolver:hello revolver
INFO:Drivers.Revolver:hello revolver
INFO:Drivers.Revolver:hello revolver
INFO:Interfaces.Surface:Attemping to bind to client
INFO:Interfaces.TCP:Connected by ('192.168.1.9', 9761)
INFO:Interfaces.Surface:Done bind to client
INFO:__main__:running!
INFO:__main__:hello rov
INFO:__main__:Started logger
INFO:Interfaces.i2cbus:hello i2c bus
INFO:Drivers.Revolver:hello revolver
INFO:Drivers.Revolver:hello revolver
INFO:Drivers.Revolver:hello revolver
INFO:Drivers.Revolver:hello revolver
INFO:Drivers.Revolver:hello revolver
INFO:Drivers.Revolver:hello revolver
INFO:Interfaces.Surface:Attemping to bind to client
INFO:Interfaces.TCP:Connected by ('192.168.1.9', 9778)
INFO:Interfaces.Surface:Done bind to client
INFO:__main__:running!
INFO:__main__:running!
INFO:__main__:hello rov
INFO:__main__:Started logger
INFO:Interfaces.i2cbus:hello i2c bus
INFO:Drivers.Revolver:hello revolver
INFO:Drivers.Revolver:hello revolver
INFO:Drivers.Revolver:hello revolver
INFO:Drivers.Revolver:hello revolver
INFO:Drivers.Revolver:hello revolver
INFO:Drivers.Revolver:hello revolver
INFO:Interfaces.Surface:Attemping to bind to client
INFO:__main__:hello rov
INFO:__main__:Started logger
INFO:Interfaces.i2cbus:hello i2c bus
INFO:Drivers.Revolver:hello revolver
INFO:Drivers.Revolver:hello revolver
INFO:Drivers.Revolver:hello revolver
INFO:Drivers.Revolver:hello revolver
INFO:Drivers.Revolver:hello revolver
INFO:Drivers.Revolver:hello revolver
INFO:Interfaces.Surface:Attemping to bind to client
INFO:Interfaces.TCP:Connected by ('192.168.1.9', 9966)
INFO:Interfaces.Surface:Done bind to client
INFO:__main__:running!
INFO:__main__:running!
INFO:__main__:hello rov
INFO:__main__:Started logger
INFO:Interfaces.i2cbus:hello i2c bus
INFO:Drivers.Revolver:hello revolver
INFO:Drivers.Revolver:hello revolver
INFO:Drivers.Revolver:hello revolver
INFO:Drivers.Revolver:hello revolver
INFO:Drivers.Revolver:hello revolver
INFO:Drivers.Revolver:hello revolver
INFO:Interfaces.Surface:Attemping to bind to client
INFO:Interfaces.TCP:Connected by ('192.168.1.9', 9973)
INFO:Interfaces.Surface:Done bind to client
INFO:__main__:running!
INFO:__main__:hello rov
INFO:__main__:Started logger
INFO:Interfaces.i2cbus:hello i2c bus
INFO:Drivers.Revolver:hello revolver
INFO:Drivers.Revolver:hello revolver
INFO:Drivers.Revolver:hello revolver
INFO:Drivers.Revolver:hello revolver
INFO:Drivers.Revolver:hello revolver
INFO:Drivers.Revolver:hello revolver
INFO:Interfaces.Surface:Attemping to bind to client
INFO:Interfaces.TCP:Connected by ('192.168.1.9', 10080)
INFO:Interfaces.Surface:Done bind to client
INFO:__main__:running!
INFO:__main__:hello rov
INFO:__main__:Started logger
INFO:Interfaces.i2cbus:hello i2c bus
INFO:Drivers.Revolver:hello revolver
INFO:Drivers.Revolver:hello revolver
INFO:Drivers.Revolver:hello revolver
INFO:Drivers.Revolver:hello revolver
INFO:Drivers.Revolver:hello revolver
INFO:Drivers.Revolver:hello revolver
INFO:Interfaces.Surface:Attemping to bind to client
INFO:Interfaces.TCP:Connected by ('192.168.1.9', 10095)
INFO:Interfaces.Surface:Done bind to client
INFO:__main__:running!
INFO:__main__:hello rov
INFO:__main__:Started logger
INFO:Interfaces.i2cbus:hello i2c bus
INFO:Drivers.Revolver:hello revolver
INFO:Drivers.Revolver:hello revolver
INFO:Drivers.Revolver:hello revolver
INFO:Drivers.Revolver:hello revolver
INFO:Drivers.Revolver:hello revolver
INFO:Drivers.Revolver:hello revolver
INFO:Interfaces.Surface:Attemping to bind to client
INFO:Interfaces.TCP:Connected by ('192.168.1.9', 10122)
INFO:Interfaces.Surface:Done bind to client
INFO:__main__:running!
INFO:__main__:running!
INFO:__main__:running!
INFO:__main__:running!
INFO:__main__:running!
INFO:__main__:running!
INFO:__main__:running!
INFO:__main__:running!
INFO:__main__:running!
INFO:__main__:running!
INFO:__main__:running!
INFO:__main__:running!
INFO:__main__:running!
INFO:__main__:running!
INFO:__main__:running!
INFO:__main__:running!
INFO:__main__:running!
INFO:__main__:running!
INFO:__main__:running!
INFO:__main__:running!
INFO:__main__:running!
INFO:__main__:running!
INFO:__main__:running!
INFO:__main__:running!
INFO:__main__:running!
INFO:__main__:running!
INFO:__main__:running!
INFO:__main__:running!
INFO:__main__:running!
INFO:__main__:running!
INFO:__main__:running!
INFO:__main__:running!
INFO:__main__:running!
INFO:__main__:running!
INFO:__main__:running!
INFO:__main__:running!
INFO:__main__:running!
INFO:__main__:running!
INFO:__main__:running!
INFO:__main__:running!
INFO:__main__:running!
INFO:__main__:running!
INFO:__main__:running!
INFO:__main__:running!
INFO:__main__:running!
INFO:__main__:running!
INFO:__main__:running!
INFO:__main__:running!
INFO:__main__:running!
INFO:__main__:running!
INFO:__main__:running!
INFO:__main__:running!
INFO:__main__:running!
INFO:__main__:running!
INFO:__main__:running!
INFO:__main__:running!
INFO:__main__:running!
INFO:__main__:running!
INFO:__main__:running!
INFO:__main__:running!
INFO:__main__:running!
INFO:__main__:running!
INFO:__main__:running!
INFO:__main__:running!
INFO:__main__:running!
INFO:__main__:running!
INFO:__main__:running!
INFO:__main__:running!
INFO:__main__:running!
INFO:__main__:running!
INFO:__main__:running!
INFO:__main__:running!
INFO:__main__:running!
INFO:__main__:running!
INFO:__main__:running!
INFO:__main__:running!
INFO:__main__:running!
INFO:__main__:running!
INFO:__main__:running!
INFO:__main__:running!
INFO:__main__:running!
INFO:__main__:running!
INFO:__main__:running!
INFO:__main__:running!
INFO:__main__:running!
INFO:__main__:running!
INFO:__main__:running!
INFO:__main__:running!
INFO:__main__:running!
INFO:__main__:running!
INFO:__main__:running!
INFO:__main__:running!
INFO:__main__:running!
INFO:__main__:running!
INFO:__main__:running!
INFO:__main__:running!
INFO:__main__:running!
INFO:__main__:running!
INFO:__main__:running!
INFO:__main__:running!
INFO:__main__:running!
INFO:__main__:running!
INFO:__main__:running!
INFO:__main__:running!
INFO:__main__:running!
INFO:__main__:running!
INFO:__main__:running!
INFO:__main__:running!
INFO:__main__:running!
INFO:__main__:running!
INFO:__main__:running!
INFO:__main__:running!
INFO:__main__:running!
INFO:__main__:running!
INFO:__main__:running!
INFO:__main__:running!
INFO:__main__:running!
INFO:__main__:running!
INFO:__main__:running!
INFO:__main__:running!
INFO:__main__:running!
INFO:__main__:running!
INFO:__main__:running!
INFO:__main__:running!
INFO:__main__:running!
INFO:__main__:running!
INFO:__main__:running!
INFO:__main__:running!
INFO:__main__:running!
INFO:__main__:running!
INFO:__main__:running!
INFO:__main__:running!
INFO:__main__:running!
INFO:__main__:running!
INFO:__main__:running!
INFO:__main__:running!
INFO:__main__:running!
INFO:__main__:running!
INFO:__main__:running!
INFO:__main__:running!
INFO:__main__:running!
INFO:__main__:running!
INFO:__main__:running!
INFO:__main__:running!
INFO:__main__:running!
INFO:__main__:running!
INFO:__main__:running!
INFO:__main__:running!
INFO:__main__:running!
INFO:__main__:running!
INFO:__main__:running!
INFO:__main__:running!
INFO:__main__:running!
INFO:__main__:running!
INFO:__main__:running!
INFO:__main__:running!
INFO:__main__:running!
INFO:__main__:running!
INFO:__main__:running!
INFO:__main__:running!
INFO:__main__:running!
INFO:__main__:running!
INFO:__main__:running!
INFO:__main__:running!
INFO:__main__:running!
INFO:__main__:running!
INFO:__main__:running!
INFO:__main__:running!
INFO:__main__:running!
INFO:__main__:running!
INFO:__main__:running!
INFO:__main__:running!
INFO:__main__:running!
INFO:__main__:running!
INFO:__main__:running!
INFO:__main__:running!
INFO:__main__:running!
INFO:__main__:running!
INFO:__main__:running!
INFO:__main__:running!
INFO:__main__:running!
INFO:__main__:running!
INFO:__main__:running!
INFO:__main__:running!
INFO:__main__:running!
INFO:__main__:running!
INFO:__main__:running!
INFO:__main__:running!
INFO:__main__:running!
INFO:__main__:running!
INFO:__main__:running!
INFO:__main__:running!
INFO:__main__:running!
INFO:__main__:running!
INFO:__main__:running!
INFO:__main__:running!
INFO:__main__:running!
INFO:__main__:running!
INFO:__main__:running!
INFO:__main__:running!
INFO:__main__:running!
INFO:__main__:running!
INFO:__main__:running!
INFO:__main__:running!
INFO:__main__:running!
INFO:__main__:running!
INFO:__main__:running!
INFO:__main__:running!
INFO:__main__:running!
INFO:__main__:running!
INFO:__main__:running!
INFO:__main__:running!
INFO:__main__:running!
INFO:__main__:running!
INFO:__main__:running!
INFO:__main__:running!
INFO:__main__:running!
INFO:__main__:running!
INFO:__main__:running!
INFO:__main__:running!
INFO:__main__:running!
INFO:__main__:running!
INFO:__main__:running!
INFO:__main__:running!
INFO:__main__:running!
INFO:__main__:running!
INFO:__main__:running!
INFO:__main__:running!
INFO:__main__:running!
INFO:__main__:running!
INFO:__main__:running!
INFO:__main__:running!
INFO:__main__:running!
INFO:__main__:running!
INFO:__main__:running!
INFO:__main__:running!
INFO:__main__:running!
INFO:__main__:running!
INFO:__main__:running!
INFO:__main__:running!
INFO:__main__:running!
INFO:__main__:running!
INFO:__main__:running!
INFO:__main__:running!
INFO:__main__:running!
INFO:__main__:running!
INFO:__main__:running!
INFO:__main__:running!
INFO:__main__:running!
INFO:__main__:running!
INFO:__main__:running!
INFO:__main__:running!
INFO:__main__:running!
INFO:__main__:running!
INFO:__main__:running!
INFO:__main__:running!
INFO:__main__:running!
INFO:__main__:running!
INFO:__main__:running!
INFO:__main__:running!
INFO:__main__:running!
INFO:__main__:running!
INFO:__main__:running!
INFO:__main__:running!
INFO:__main__:running!
INFO:__main__:running!
INFO:__main__:running!
INFO:__main__:running!
INFO:__main__:running!
INFO:__main__:running!
INFO:__main__:running!
INFO:__main__:running!
INFO:__main__:running!
INFO:__main__:running!
INFO:__main__:running!
INFO:__main__:running!
INFO:__main__:running!
INFO:__main__:running!
INFO:__main__:running!
INFO:__main__:running!
INFO:__main__:running!
INFO:__main__:running!
INFO:__main__:running!
INFO:__main__:running!
INFO:__main__:running!
INFO:__main__:running!
INFO:__main__:running!
INFO:__main__:running!
INFO:__main__:running!
INFO:__main__:running!
INFO:__main__:running!
INFO:__main__:running!
INFO:__main__:running!
INFO:__main__:running!
INFO:__main__:running!
INFO:__main__:running!
INFO:__main__:running!
INFO:__main__:running!
INFO:__main__:running!
INFO:__main__:running!
INFO:__main__:running!
INFO:__main__:running!
INFO:__main__:running!
INFO:__main__:running!
INFO:__main__:running!
INFO:__main__:running!
INFO:__main__:running!
INFO:__main__:running!
INFO:__main__:running!
INFO:__main__:running!
INFO:__main__:running!
INFO:__main__:running!
INFO:__main__:running!
INFO:__main__:running!
INFO:__main__:running!
INFO:__main__:running!
INFO:__main__:running!
INFO:__main__:running!
INFO:__main__:running!
INFO:__main__:running!
INFO:__main__:running!
INFO:__main__:running!
INFO:__main__:running!
INFO:__main__:running!
INFO:__main__:running!
INFO:__main__:running!
INFO:__main__:running!
INFO:__main__:running!
INFO:__main__:running!
INFO:__main__:running!
INFO:__main__:running!
INFO:__main__:running!
INFO:__main__:running!
INFO:__main__:running!
INFO:__main__:running!
INFO:__main__:running!
INFO:__main__:running!
INFO:__main__:running!
INFO:__main__:running!
INFO:__main__:running!
INFO:__main__:running!
INFO:__main__:running!
INFO:__main__:running!
INFO:__main__:running!
INFO:__main__:running!
INFO:__main__:running!
INFO:__main__:running!
INFO:__main__:running!
INFO:__main__:running!
INFO:__main__:running!
INFO:__main__:running!
INFO:__main__:running!
INFO:__main__:running!
INFO:__main__:running!
INFO:__main__:running!
INFO:__main__:running!
INFO:__main__:running!
INFO:__main__:running!
INFO:__main__:running!
INFO:__main__:running!
INFO:__main__:running!
INFO:__main__:running!
INFO:__main__:running!
INFO:__main__:running!
INFO:__main__:running!
INFO:__main__:running!
INFO:__main__:running!
INFO:__main__:running!
INFO:__main__:running!
INFO:__main__:running!
INFO:__main__:running!
INFO:__main__:running!
INFO:__main__:running!
INFO:__main__:running!
INFO:__main__:running!
INFO:__main__:running!
INFO:__main__:running!
INFO:__main__:running!
INFO:__main__:running!
INFO:__main__:running!
INFO:__main__:running!
INFO:__main__:running!
INFO:__main__:running!
INFO:__main__:running!
INFO:__main__:running!
INFO:__main__:running!
INFO:__main__:running!
INFO:__main__:running!
INFO:__main__:running!
INFO:__main__:running!
INFO:__main__:running!
INFO:__main__:running!
INFO:__main__:running!
INFO:__main__:running!
INFO:__main__:running!
INFO:__main__:running!
INFO:__main__:running!
INFO:__main__:running!
INFO:__main__:running!
INFO:__main__:running!
INFO:__main__:running!
INFO:__main__:running!
INFO:__main__:running!
INFO:__main__:running!
INFO:__main__:running!
INFO:__main__:running!
INFO:__main__:running!
INFO:__main__:running!
INFO:__main__:running!
INFO:__main__:running!
INFO:__main__:running!
INFO:__main__:running!
INFO:__main__:running!
INFO:__main__:running!
INFO:__main__:running!
INFO:__main__:running!
INFO:__main__:running!
INFO:__main__:running!
INFO:__main__:running!
INFO:__main__:running!
INFO:__main__:running!
INFO:__main__:running!
INFO:__main__:running!
INFO:__main__:running!
INFO:__main__:running!
INFO:__main__:running!
INFO:__main__:running!
INFO:__main__:running!
INFO:__main__:running!
INFO:__main__:running!
INFO:__main__:running!
INFO:__main__:running!
INFO:__main__:running!
INFO:__main__:running!
INFO:__main__:running!
INFO:__main__:running!
INFO:__main__:running!
INFO:__main__:running!
INFO:__main__:running!
INFO:__main__:running!
INFO:__main__:running!
INFO:__main__:running!
INFO:__main__:running!
INFO:__main__:running!
INFO:__main__:running!
INFO:__main__:running!
INFO:__main__:running!
INFO:__main__:running!
INFO:__main__:running!
INFO:__main__:running!
INFO:__main__:running!
INFO:__main__:running!
INFO:__main__:running!
INFO:__main__:running!
INFO:__main__:running!
INFO:__main__:running!
INFO:__main__:running!
INFO:__main__:running!
INFO:__main__:running!
INFO:__main__:running!
INFO:__main__:running!
INFO:__main__:running!
INFO:__main__:running!
INFO:__main__:running!
INFO:__main__:running!
INFO:__main__:running!
INFO:__main__:running!
INFO:__main__:running!
INFO:__main__:running!
INFO:__main__:running!
INFO:__main__:running!
INFO:__main__:running!
INFO:__main__:running!
INFO:__main__:running!
INFO:__main__:running!
INFO:__main__:running!
INFO:__main__:running!
INFO:__main__:running!
INFO:__main__:running!
INFO:__main__:running!
INFO:__main__:running!
INFO:__main__:running!
INFO:__main__:running!
INFO:__main__:running!
INFO:__main__:running!
INFO:__main__:running!
INFO:__main__:running!
INFO:__main__:running!
INFO:__main__:running!
INFO:__main__:running!
INFO:__main__:running!
INFO:__main__:running!
INFO:__main__:running!
INFO:__main__:running!
INFO:__main__:running!
INFO:__main__:running!
INFO:__main__:running!
INFO:__main__:running!
INFO:__main__:running!
INFO:__main__:running!
INFO:__main__:running!
INFO:__main__:running!
INFO:__main__:running!
INFO:__main__:running!
INFO:__main__:running!
INFO:__main__:running!
INFO:__main__:running!
INFO:__main__:running!
INFO:__main__:running!
INFO:__main__:running!
INFO:__main__:running!
INFO:__main__:running!
INFO:__main__:running!
INFO:__main__:running!
INFO:__main__:running!
INFO:__main__:running!
INFO:__main__:running!
INFO:__main__:running!
INFO:__main__:running!
INFO:__main__:running!
INFO:__main__:running!
INFO:__main__:running!
INFO:__main__:running!
INFO:__main__:running!
INFO:__main__:running!
INFO:__main__:running!
INFO:__main__:running!
INFO:__main__:running!
INFO:__main__:running!
INFO:__main__:running!
INFO:__main__:running!
INFO:__main__:running!
INFO:__main__:running!
INFO:__main__:running!
INFO:__main__:running!
INFO:__main__:running!
INFO:__main__:running!
INFO:__main__:running!
INFO:__main__:running!
INFO:__main__:running!
INFO:__main__:running!
INFO:__main__:running!
INFO:__main__:running!
INFO:__main__:running!
INFO:__main__:running!
INFO:__main__:running!
INFO:__main__:running!
INFO:__main__:running!
INFO:__main__:running!
INFO:__main__:running!
INFO:__main__:running!
INFO:__main__:running!
INFO:__main__:running!
INFO:__main__:running!
INFO:__main__:running!
INFO:__main__:running!
INFO:__main__:running!
INFO:__main__:running!
INFO:__main__:running!
INFO:__main__:running!
INFO:__main__:running!
INFO:__main__:running!
INFO:__main__:running!
INFO:__main__:running!
INFO:__main__:running!
INFO:__main__:running!
INFO:__main__:running!
INFO:__main__:running!
INFO:__main__:running!
INFO:__main__:running!
INFO:__main__:running!
INFO:__main__:running!
INFO:__main__:running!
INFO:__main__:running!
INFO:__main__:running!
INFO:__main__:running!
INFO:__main__:running!
INFO:__main__:running!
INFO:__main__:running!
INFO:__main__:running!
INFO:__main__:running!
INFO:__main__:running!
INFO:__main__:running!
INFO:__main__:running!
INFO:__main__:running!
INFO:__main__:running!
INFO:__main__:running!
INFO:__main__:running!
INFO:__main__:running!
INFO:__main__:running!
INFO:__main__:running!
INFO:__main__:running!
INFO:__main__:running!
INFO:__main__:running!
INFO:__main__:running!
INFO:__main__:running!
INFO:__main__:running!
INFO:__main__:running!
INFO:__main__:running!
INFO:__main__:running!
INFO:__main__:running!
INFO:__main__:running!
INFO:__main__:running!
INFO:__main__:running!
INFO:__main__:running!
INFO:__main__:running!
INFO:__main__:running!
INFO:__main__:running!
INFO:__main__:running!
INFO:__main__:running!
INFO:__main__:running!
INFO:__main__:running!
INFO:__main__:running!
INFO:__main__:running!
INFO:__main__:running!
INFO:__main__:running!
INFO:__main__:running!
INFO:__main__:running!
INFO:__main__:running!
INFO:__main__:running!
INFO:__main__:running!
INFO:__main__:running!
INFO:__main__:running!
INFO:__main__:running!
INFO:__main__:running!
INFO:__main__:running!
INFO:__main__:running!
INFO:__main__:running!
INFO:__main__:running!
INFO:__main__:running!
INFO:__main__:running!
INFO:__main__:running!
INFO:__main__:running!
INFO:__main__:running!
INFO:__main__:running!
INFO:__main__:running!
INFO:__main__:running!
INFO:__main__:running!
INFO:__main__:running!
INFO:__main__:running!
INFO:__main__:running!
INFO:__main__:running!
INFO:__main__:running!
INFO:__main__:running!
INFO:__main__:running!
INFO:__main__:running!
INFO:__main__:running!
INFO:__main__:running!
INFO:__main__:running!
INFO:__main__:running!
INFO:__main__:running!
INFO:__main__:running!
INFO:__main__:running!
INFO:__main__:running!
INFO:__main__:running!
INFO:__main__:running!
INFO:__main__:running!
INFO:__main__:running!
INFO:__main__:running!
INFO:__main__:running!
INFO:__main__:running!
INFO:__main__:running!
INFO:__main__:running!
INFO:__main__:running!
INFO:__main__:running!
INFO:__main__:running!
INFO:__main__:running!
INFO:__main__:running!
INFO:__main__:running!
INFO:__main__:running!
INFO:__main__:running!
INFO:__main__:running!
INFO:__main__:running!
INFO:__main__:running!
INFO:__main__:running!
INFO:__main__:running!
INFO:__main__:running!
INFO:__main__:running!
INFO:__main__:running!
INFO:__main__:running!
INFO:__main__:running!
INFO:__main__:running!
INFO:__main__:running!
INFO:__main__:running!
INFO:__main__:running!
INFO:__main__:running!
INFO:__main__:running!
INFO:__main__:running!
INFO:__main__:running!
INFO:__main__:running!
INFO:__main__:running!
INFO:__main__:running!
INFO:__main__:running!
INFO:__main__:running!
INFO:__main__:running!
INFO:__main__:running!
INFO:__main__:running!
INFO:__main__:running!
INFO:__main__:running!
INFO:__main__:running!
INFO:__main__:running!
INFO:__main__:running!
INFO:__main__:running!
INFO:__main__:running!
INFO:__main__:running!
INFO:__main__:running!
INFO:__main__:running!
INFO:__main__:running!
INFO:__main__:running!
INFO:__main__:running!
INFO:__main__:running!
INFO:__main__:running!
INFO:__main__:running!
INFO:__main__:running!
INFO:__main__:running!
INFO:__main__:running!
INFO:__main__:running!
INFO:__main__:running!
INFO:__main__:running!
INFO:__main__:running!
INFO:__main__:running!
INFO:__main__:running!
INFO:__main__:running!
INFO:__main__:running!
INFO:__main__:running!
INFO:__main__:running!
INFO:__main__:running!
INFO:__main__:running!
INFO:__main__:running!
INFO:__main__:running!
INFO:__main__:running!
INFO:__main__:running!
INFO:__main__:running!
INFO:__main__:running!
INFO:__main__:running!
INFO:__main__:running!
INFO:__main__:running!
INFO:__main__:running!
INFO:__main__:running!
INFO:__main__:running!
INFO:__main__:running!
INFO:__main__:running!
INFO:__main__:running!
INFO:__main__:running!
INFO:__main__:running!
INFO:__main__:running!
INFO:__main__:running!
INFO:__main__:running!
INFO:__main__:running!
INFO:__main__:running!
INFO:__main__:running!
INFO:__main__:running!
INFO:__main__:running!
INFO:__main__:running!
INFO:__main__:running!
INFO:__main__:running!
INFO:__main__:running!
INFO:__main__:running!
INFO:__main__:running!
INFO:__main__:running!
INFO:__main__:running!
INFO:__main__:running!
INFO:__main__:running!
INFO:__main__:running!
INFO:__main__:running!
INFO:__main__:running!
INFO:__main__:running!
INFO:__main__:running!
INFO:__main__:running!
INFO:__main__:running!
INFO:__main__:running!
INFO:__main__:running!
INFO:__main__:running!
INFO:__main__:running!
INFO:__main__:running!
INFO:__main__:running!
INFO:__main__:running!
INFO:__main__:running!
INFO:__main__:running!
INFO:__main__:running!
INFO:__main__:running!
INFO:__main__:running!
INFO:__main__:running!
INFO:__main__:running!
INFO:__main__:running!
INFO:__main__:running!
INFO:__main__:running!
INFO:__main__:running!
INFO:__main__:running!
INFO:__main__:running!
INFO:__main__:running!
INFO:__main__:running!
INFO:__main__:running!
INFO:__main__:running!
INFO:__main__:running!
INFO:__main__:running!
INFO:__main__:running!
INFO:__main__:running!
INFO:__main__:running!
INFO:__main__:running!
INFO:__main__:running!
INFO:__main__:running!
INFO:__main__:running!
INFO:__main__:running!
INFO:__main__:running!
INFO:__main__:running!
INFO:__main__:running!
INFO:__main__:running!
INFO:__main__:running!
INFO:__main__:running!
INFO:__main__:running!
INFO:__main__:running!
INFO:__main__:running!
INFO:__main__:running!
INFO:__main__:running!
INFO:__main__:running!
INFO:__main__:running!
INFO:__main__:running!
INFO:__main__:running!
INFO:__main__:running!
INFO:__main__:running!
INFO:__main__:running!
INFO:__main__:running!
INFO:__main__:running!
INFO:__main__:running!
INFO:__main__:running!
INFO:__main__:running!
INFO:__main__:running!
INFO:__main__:running!
INFO:__main__:running!
INFO:__main__:running!
INFO:__main__:running!
INFO:__main__:running!
INFO:__main__:running!
INFO:__main__:running!
INFO:__main__:running!
INFO:__main__:running!
INFO:__main__:running!
INFO:__main__:running!
INFO:__main__:running!
INFO:__main__:running!
INFO:__main__:running!
INFO:__main__:running!
INFO:__main__:running!
INFO:__main__:running!
INFO:__main__:running!
INFO:__main__:running!
INFO:__main__:running!
INFO:__main__:running!
INFO:__main__:running!
INFO:__main__:running!
INFO:__main__:running!
INFO:__main__:running!
INFO:__main__:running!
INFO:__main__:running!
INFO:__main__:running!
INFO:__main__:running!
INFO:__main__:running!
INFO:__main__:running!
INFO:__main__:running!
INFO:__main__:running!
INFO:__main__:running!
INFO:__main__:running!
INFO:__main__:running!
INFO:__main__:running!
INFO:__main__:running!
INFO:__main__:running!
INFO:__main__:running!
INFO:__main__:running!
INFO:__main__:running!
INFO:__main__:running!
INFO:__main__:running!
INFO:__main__:running!
INFO:__main__:running!
INFO:__main__:running!
INFO:__main__:running!
INFO:__main__:running!
INFO:__main__:running!
INFO:__main__:running!
INFO:__main__:running!
INFO:__main__:running!
INFO:__main__:running!
INFO:__main__:running!
INFO:__main__:running!
INFO:__main__:running!
INFO:__main__:running!
INFO:__main__:running!
INFO:__main__:running!
INFO:__main__:running!
INFO:__main__:running!
INFO:__main__:running!
INFO:__main__:running!
INFO:__main__:running!
INFO:__main__:running!
INFO:__main__:running!
INFO:__main__:running!
INFO:__main__:running!
INFO:__main__:running!
INFO:__main__:running!
INFO:__main__:running!
INFO:__main__:running!
INFO:__main__:running!
INFO:__main__:running!
INFO:__main__:running!
INFO:__main__:running!
INFO:__main__:running!
INFO:__main__:running!
INFO:__main__:running!
INFO:__main__:running!
INFO:__main__:running!
INFO:__main__:running!
INFO:__main__:running!
INFO:__main__:running!
INFO:__main__:running!
INFO:__main__:running!
INFO:__main__:running!
INFO:__main__:running!
INFO:__main__:running!
INFO:__main__:running!
INFO:__main__:running!
INFO:__main__:running!
INFO:__main__:running!
INFO:__main__:running!
INFO:__main__:running!
INFO:__main__:running!
INFO:__main__:running!
INFO:__main__:running!
INFO:__main__:running!
INFO:__main__:running!
INFO:__main__:running!
INFO:__main__:running!
INFO:__main__:running!
INFO:__main__:running!
INFO:__main__:running!
INFO:__main__:running!
INFO:__main__:running!
INFO:__main__:running!
INFO:__main__:running!
INFO:__main__:running!
INFO:__main__:running!
INFO:__main__:running!
INFO:__main__:running!
INFO:Interfaces.TCP:Connected by ('192.168.1.9', 10205)
INFO:__main__:hello rov
INFO:__main__:Started logger
INFO:Interfaces.i2cbus:hello i2c bus
INFO:Drivers.Revolver:hello revolver
INFO:Drivers.Revolver:hello revolver
INFO:Drivers.Revolver:hello revolver
INFO:Drivers.Revolver:hello revolver
INFO:Drivers.Revolver:hello revolver
INFO:Drivers.Revolver:hello revolver
INFO:Interfaces.Surface:Attemping to bind to client
INFO:Interfaces.TCP:Connected by ('192.168.1.9', 10208)
INFO:Interfaces.Surface:Done bind to client
INFO:__main__:running!
INFO:__main__:running!
INFO:__main__:running!
INFO:__main__:running!
INFO:__main__:running!
INFO:__main__:hello rov
INFO:__main__:Started logger
INFO:Interfaces.i2cbus:hello i2c bus
INFO:Drivers.Revolver:hello revolver
INFO:Drivers.Revolver:hello revolver
INFO:Drivers.Revolver:hello revolver
INFO:Drivers.Revolver:hello revolver
INFO:Drivers.Revolver:hello revolver
INFO:Drivers.Revolver:hello revolver
INFO:Interfaces.Surface:Attemping to bind to client
INFO:Interfaces.TCP:Connected by ('192.168.1.9', 10268)
INFO:Interfaces.Surface:Done bind to client
INFO:__main__:running!
INFO:__main__:running!
INFO:__main__:running!
INFO:__main__:running!
INFO:__main__:hello rov
INFO:__main__:Started logger
INFO:Interfaces.i2cbus:hello i2c bus
INFO:Drivers.Revolver:hello revolver
INFO:Drivers.Revolver:hello revolver
INFO:Drivers.Revolver:hello revolver
INFO:Drivers.Revolver:hello revolver
INFO:Drivers.Revolver:hello revolver
INFO:Drivers.Revolver:hello revolver
INFO:Interfaces.Surface:Attemping to bind to client
INFO:Interfaces.TCP:Connected by ('192.168.1.9', 10282)
INFO:Interfaces.Surface:Done bind to client
INFO:__main__:running!
INFO:__main__:running!
INFO:__main__:running!
INFO:__main__:running!
INFO:__main__:running!
INFO:__main__:running!
INFO:__main__:running!
INFO:__main__:running!
INFO:__main__:running!
INFO:__main__:running!
INFO:__main__:running!
INFO:__main__:running!
INFO:__main__:running!
INFO:__main__:running!
INFO:__main__:running!
INFO:__main__:running!
INFO:__main__:running!
INFO:__main__:running!
INFO:__main__:running!
INFO:__main__:running!
INFO:__main__:running!
INFO:__main__:running!
INFO:__main__:running!
INFO:__main__:running!
INFO:Interfaces.TCP:Connected by ('192.168.1.9', 10296)
INFO:__main__:hello rov
INFO:__main__:Started logger
INFO:Interfaces.i2cbus:hello i2c bus
INFO:Drivers.Revolver:hello revolver
INFO:Drivers.Revolver:hello revolver
INFO:Drivers.Revolver:hello revolver
INFO:Drivers.Revolver:hello revolver
INFO:Drivers.Revolver:hello revolver
INFO:Drivers.Revolver:hello revolver
INFO:Interfaces.Surface:Attemping to bind to client
INFO:Interfaces.TCP:Connected by ('192.168.1.9', 10339)
INFO:Interfaces.Surface:Done bind to client
INFO:__main__:running!
INFO:__main__:running!
INFO:__main__:running!
INFO:__main__:running!
INFO:__main__:running!
INFO:Interfaces.TCP:Connected by ('192.168.1.9', 10340)
INFO:__main__:hello rov
INFO:__main__:Started logger
INFO:Interfaces.i2cbus:hello i2c bus
INFO:Drivers.Revolver:hello revolver
INFO:Drivers.Revolver:hello revolver
INFO:Drivers.Revolver:hello revolver
INFO:Drivers.Revolver:hello revolver
INFO:Drivers.Revolver:hello revolver
INFO:Drivers.Revolver:hello revolver
INFO:Interfaces.Surface:Attemping to bind to client
INFO:Interfaces.TCP:Connected by ('192.168.1.9', 10349)
INFO:Interfaces.Surface:Done bind to client
INFO:__main__:running!
INFO:__main__:running!
INFO:__main__:running!
INFO:__main__:running!
INFO:__main__:running!
INFO:__main__:running!
INFO:Interfaces.TCP:Connected by ('192.168.1.9', 10350)
INFO:__main__:hello rov
INFO:__main__:Started logger
INFO:Interfaces.i2cbus:hello i2c bus
INFO:Drivers.Revolver:hello revolver
INFO:Drivers.Revolver:hello revolver
INFO:Drivers.Revolver:hello revolver
INFO:Drivers.Revolver:hello revolver
INFO:Drivers.Revolver:hello revolver
INFO:Drivers.Revolver:hello revolver
INFO:Interfaces.Surface:Attemping to bind to client
INFO:Interfaces.TCP:Connected by ('192.168.1.9', 10351)
INFO:Interfaces.Surface:Done bind to client
INFO:__main__:running!
INFO:__main__:running!
INFO:__main__:running!
INFO:__main__:running!
INFO:__main__:running!
INFO:__main__:running!
INFO:__main__:running!
INFO:__main__:running!
INFO:__main__:running!
INFO:__main__:running!
INFO:__main__:running!
INFO:__main__:running!
INFO:__main__:running!
INFO:__main__:running!
INFO:__main__:running!
INFO:__main__:running!
INFO:__main__:running!
INFO:__main__:running!
INFO:Interfaces.TCP:Connected by ('192.168.1.9', 10353)
INFO:__main__:hello rov
INFO:__main__:Started logger
INFO:Interfaces.i2cbus:hello i2c bus
INFO:Drivers.Revolver:hello revolver
INFO:Drivers.Revolver:hello revolver
INFO:Drivers.Revolver:hello revolver
INFO:Drivers.Revolver:hello revolver
INFO:Drivers.Revolver:hello revolver
INFO:Drivers.Revolver:hello revolver
INFO:Interfaces.Surface:Attemping to bind to client
INFO:__main__:hello rov
INFO:__main__:Started logger
INFO:Interfaces.i2cbus:hello i2c bus
INFO:Drivers.Revolver:hello revolver
INFO:Drivers.Revolver:hello revolver
INFO:Drivers.Revolver:hello revolver
INFO:Drivers.Revolver:hello revolver
INFO:Drivers.Revolver:hello revolver
INFO:Drivers.Revolver:hello revolver
INFO:Interfaces.Surface:Attemping to bind to client
INFO:__main__:hello rov
INFO:__main__:Started logger
INFO:Interfaces.i2cbus:hello i2c bus
INFO:Drivers.Revolver:hello revolver
INFO:Drivers.Revolver:hello revolver
INFO:Drivers.Revolver:hello revolver
INFO:Drivers.Revolver:hello revolver
INFO:Drivers.Revolver:hello revolver
INFO:Drivers.Revolver:hello revolver
INFO:Interfaces.Surface:Attemping to bind to client
INFO:Interfaces.TCP:Connected by ('192.168.1.9', 10386)
INFO:Interfaces.Surface:Done bind to client
INFO:__main__:running!
INFO:__main__:running!
INFO:__main__:running!
INFO:__main__:running!
INFO:__main__:running!
INFO:Interfaces.TCP:Connected by ('192.168.1.9', 10387)
INFO:__main__:hello rov
INFO:__main__:Started logger
INFO:Interfaces.i2cbus:hello i2c bus
INFO:Drivers.Revolver:hello revolver
INFO:Drivers.Revolver:hello revolver
INFO:Drivers.Revolver:hello revolver
INFO:Drivers.Revolver:hello revolver
INFO:Drivers.Revolver:hello revolver
INFO:Drivers.Revolver:hello revolver
INFO:Interfaces.Surface:Attemping to bind to client
INFO:__main__:hello rov
INFO:__main__:Started logger
INFO:Interfaces.i2cbus:hello i2c bus
INFO:Drivers.Revolver:hello revolver
INFO:Drivers.Revolver:hello revolver
INFO:Drivers.Revolver:hello revolver
INFO:Drivers.Revolver:hello revolver
INFO:Drivers.Revolver:hello revolver
INFO:Drivers.Revolver:hello revolver
INFO:Interfaces.Surface:Attemping to bind to client
INFO:Interfaces.TCP:Connected by ('192.168.1.9', 10397)
INFO:Interfaces.Surface:Done bind to client
INFO:__main__:running!
INFO:__main__:running!
INFO:__main__:running!
INFO:__main__:running!
INFO:__main__:running!
INFO:Interfaces.TCP:Connected by ('192.168.1.9', 10398)
INFO:__main__:running!
INFO:__main__:running!
INFO:__main__:running!
INFO:__main__:running!
INFO:__main__:running!
INFO:__main__:running!
INFO:__main__:running!
INFO:__main__:running!
INFO:__main__:running!
INFO:Interfaces.TCP:Connected by ('192.168.1.9', 10399)
INFO:__main__:running!
INFO:__main__:running!
INFO:__main__:running!
INFO:__main__:running!
INFO:__main__:hello rov
INFO:__main__:Started logger
INFO:Interfaces.i2cbus:hello i2c bus
INFO:Drivers.Revolver:hello revolver
INFO:Drivers.Revolver:hello revolver
INFO:Drivers.Revolver:hello revolver
INFO:Drivers.Revolver:hello revolver
INFO:Drivers.Revolver:hello revolver
INFO:Drivers.Revolver:hello revolver
INFO:Interfaces.Surface:Attemping to bind to client
INFO:Interfaces.TCP:Connected by ('192.168.1.9', 10430)
INFO:Interfaces.Surface:Done bind to client
INFO:__main__:running!
INFO:__main__:hello rov
INFO:__main__:Started logger
INFO:Interfaces.i2cbus:hello i2c bus
INFO:Drivers.Revolver:hello revolver
INFO:Drivers.Revolver:hello revolver
INFO:Drivers.Revolver:hello revolver
INFO:Drivers.Revolver:hello revolver
INFO:Drivers.Revolver:hello revolver
INFO:Drivers.Revolver:hello revolver
INFO:Interfaces.Surface:Attemping to bind to client
INFO:Interfaces.TCP:Connected by ('192.168.1.9', 10438)
INFO:Interfaces.Surface:Done bind to client
INFO:__main__:running!
INFO:__main__:hello rov
INFO:__main__:Started logger
INFO:Interfaces.i2cbus:hello i2c bus
INFO:Drivers.Revolver:hello revolver
INFO:Drivers.Revolver:hello revolver
INFO:Drivers.Revolver:hello revolver
INFO:Drivers.Revolver:hello revolver
INFO:Drivers.Revolver:hello revolver
INFO:Drivers.Revolver:hello revolver
INFO:Interfaces.Surface:Attemping to bind to client
INFO:Interfaces.TCP:Connected by ('192.168.1.9', 10448)
INFO:Interfaces.Surface:Done bind to client
INFO:__main__:running!
INFO:__main__:running!
INFO:__main__:running!
INFO:__main__:running!
INFO:__main__:running!
INFO:__main__:running!
INFO:Interfaces.TCP:Connected by ('192.168.1.9', 10449)
INFO:__main__:hello rov
INFO:__main__:Started logger
INFO:Interfaces.i2cbus:hello i2c bus
INFO:Drivers.Revolver:hello revolver
INFO:Drivers.Revolver:hello revolver
INFO:Drivers.Revolver:hello revolver
INFO:Drivers.Revolver:hello revolver
INFO:Drivers.Revolver:hello revolver
INFO:Drivers.Revolver:hello revolver
INFO:Interfaces.Surface:Attemping to bind to client
INFO:Interfaces.TCP:Connected by ('192.168.1.9', 10450)
INFO:Interfaces.Surface:Done bind to client
INFO:__main__:running!
INFO:__main__:hello rov
INFO:__main__:Started logger
INFO:Interfaces.i2cbus:hello i2c bus
INFO:Drivers.Revolver:hello revolver
INFO:Drivers.Revolver:hello revolver
INFO:Drivers.Revolver:hello revolver
INFO:Drivers.Revolver:hello revolver
INFO:Drivers.Revolver:hello revolver
INFO:Drivers.Revolver:hello revolver
INFO:Interfaces.Surface:Attemping to bind to client
INFO:Interfaces.TCP:Connected by ('192.168.1.9', 10494)
INFO:Interfaces.Surface:Done bind to client
INFO:__main__:running!
INFO:__main__:hello rov
INFO:__main__:Started logger
INFO:Interfaces.i2cbus:hello i2c bus
INFO:Drivers.Revolver:hello revolver
INFO:Drivers.Revolver:hello revolver
INFO:Drivers.Revolver:hello revolver
INFO:Drivers.Revolver:hello revolver
INFO:Drivers.Revolver:hello revolver
INFO:Drivers.Revolver:hello revolver
INFO:Interfaces.Surface:Attemping to bind to client
INFO:Interfaces.TCP:Connected by ('192.168.1.9', 10503)
INFO:Interfaces.Surface:Done bind to client
INFO:__main__:running!
INFO:__main__:running!
INFO:__main__:running!
INFO:__main__:running!
INFO:__main__:running!
INFO:__main__:running!
INFO:__main__:running!
INFO:Interfaces.TCP:Connected by ('192.168.1.9', 10504)
INFO:__main__:running!
INFO:__main__:running!
INFO:__main__:running!
INFO:__main__:running!
INFO:__main__:running!
INFO:Interfaces.TCP:Connected by ('192.168.1.9', 10505)
INFO:__main__:running!
INFO:__main__:running!
INFO:__main__:running!
INFO:__main__:running!
INFO:__main__:running!
INFO:Interfaces.TCP:Connected by ('192.168.1.9', 10507)
INFO:__main__:running!
INFO:__main__:running!
INFO:__main__:running!
INFO:__main__:running!
INFO:__main__:running!
INFO:__main__:running!
INFO:__main__:running!
INFO:__main__:running!
INFO:__main__:running!
INFO:__main__:running!
INFO:__main__:running!
INFO:__main__:running!
INFO:__main__:running!
INFO:__main__:running!
INFO:__main__:running!
INFO:__main__:running!
INFO:__main__:running!
INFO:__main__:running!
INFO:__main__:running!
INFO:__main__:running!
INFO:__main__:running!
INFO:__main__:running!
INFO:__main__:running!
INFO:__main__:running!
INFO:__main__:running!
INFO:__main__:running!
INFO:__main__:running!
INFO:__main__:running!
INFO:__main__:running!
INFO:__main__:running!
INFO:__main__:running!
INFO:__main__:running!
INFO:__main__:running!
INFO:__main__:running!
INFO:__main__:running!
INFO:__main__:running!
INFO:__main__:running!
INFO:__main__:running!
INFO:__main__:running!
INFO:__main__:running!
INFO:__main__:running!
INFO:__main__:running!
INFO:__main__:running!
INFO:__main__:running!
INFO:__main__:running!
INFO:__main__:running!
INFO:__main__:running!
INFO:__main__:running!
INFO:__main__:running!
INFO:__main__:running!
INFO:__main__:running!
INFO:__main__:running!
INFO:__main__:running!
INFO:__main__:running!
INFO:__main__:running!
INFO:__main__:running!
INFO:__main__:running!
INFO:__main__:running!
INFO:__main__:running!
INFO:__main__:running!
INFO:__main__:running!
INFO:__main__:running!
INFO:__main__:running!
INFO:__main__:running!
INFO:__main__:running!
INFO:__main__:running!
INFO:__main__:running!
INFO:__main__:running!
INFO:__main__:running!
INFO:__main__:running!
INFO:__main__:running!
INFO:__main__:running!
INFO:__main__:running!
INFO:__main__:running!
INFO:__main__:running!
INFO:__main__:running!
INFO:__main__:running!
INFO:__main__:running!
INFO:__main__:running!
INFO:__main__:running!
INFO:__main__:running!
INFO:__main__:running!
INFO:__main__:running!
INFO:__main__:running!
INFO:__main__:running!
INFO:__main__:running!
INFO:__main__:running!
INFO:__main__:running!
INFO:__main__:running!
INFO:__main__:running!
INFO:__main__:running!
INFO:__main__:running!
INFO:__main__:running!
INFO:__main__:hello rov
INFO:__main__:Started logger
INFO:Interfaces.i2cbus:hello i2c bus
INFO:Drivers.Revolver:hello revolver
INFO:Drivers.Revolver:hello revolver
INFO:Drivers.Revolver:hello revolver
INFO:Drivers.Revolver:hello revolver
INFO:Drivers.Revolver:hello revolver
INFO:Drivers.Revolver:hello revolver
INFO:Interfaces.Surface:Attemping to bind to client
INFO:Interfaces.TCP:Connected by ('192.168.1.9', 10520)
INFO:Interfaces.Surface:Done bind to client
INFO:__main__:running!
INFO:__main__:running!
INFO:__main__:running!
INFO:__main__:running!
INFO:__main__:running!
INFO:__main__:hello rov
INFO:__main__:Started logger
INFO:Interfaces.i2cbus:hello i2c bus
INFO:Drivers.Revolver:hello revolver
INFO:Drivers.Revolver:hello revolver
INFO:Drivers.Revolver:hello revolver
INFO:Drivers.Revolver:hello revolver
INFO:Drivers.Revolver:hello revolver
INFO:Drivers.Revolver:hello revolver
INFO:Interfaces.Surface:Attemping to bind to client
INFO:Interfaces.TCP:Connected by ('192.168.1.9', 10523)
INFO:Interfaces.Surface:Done bind to client
INFO:__main__:running!
INFO:__main__:running!
INFO:__main__:running!
INFO:__main__:running!
INFO:__main__:running!
INFO:__main__:running!
INFO:__main__:hello rov
INFO:__main__:Started logger
INFO:Interfaces.i2cbus:hello i2c bus
INFO:Drivers.Revolver:hello revolver
INFO:Drivers.Revolver:hello revolver
INFO:Drivers.Revolver:hello revolver
INFO:Drivers.Revolver:hello revolver
INFO:Drivers.Revolver:hello revolver
INFO:Drivers.Revolver:hello revolver
INFO:Interfaces.Surface:Attemping to bind to client
INFO:__main__:hello rov
INFO:__main__:Started logger
INFO:Interfaces.i2cbus:hello i2c bus
INFO:Drivers.Revolver:hello revolver
INFO:Drivers.Revolver:hello revolver
INFO:Drivers.Revolver:hello revolver
INFO:Drivers.Revolver:hello revolver
INFO:Drivers.Revolver:hello revolver
INFO:Drivers.Revolver:hello revolver
INFO:Interfaces.Surface:Attemping to bind to client
INFO:__main__:hello rov
INFO:__main__:Started logger
INFO:Interfaces.i2cbus:hello i2c bus
INFO:Drivers.Revolver:hello revolver
INFO:Drivers.Revolver:hello revolver
INFO:Drivers.Revolver:hello revolver
INFO:Drivers.Revolver:hello revolver
INFO:Drivers.Revolver:hello revolver
INFO:Drivers.Revolver:hello revolver
INFO:Interfaces.Surface:Attemping to bind to client
INFO:__main__:hello rov
INFO:__main__:Started logger
INFO:Interfaces.i2cbus:hello i2c bus
INFO:Drivers.Revolver:hello revolver
INFO:Drivers.Revolver:hello revolver
INFO:Drivers.Revolver:hello revolver
INFO:Drivers.Revolver:hello revolver
INFO:Drivers.Revolver:hello revolver
INFO:Drivers.Revolver:hello revolver
INFO:Interfaces.Surface:Attemping to bind to client
INFO:__main__:hello rov
INFO:__main__:Started logger
INFO:Interfaces.i2cbus:hello i2c bus
INFO:Drivers.Revolver:hello revolver
INFO:Drivers.Revolver:hello revolver
INFO:Drivers.Revolver:hello revolver
INFO:Drivers.Revolver:hello revolver
INFO:Drivers.Revolver:hello revolver
INFO:Drivers.Revolver:hello revolver
INFO:Interfaces.Surface:Attemping to bind to client
INFO:Interfaces.TCP:Connected by ('192.168.1.9', 10542)
INFO:Interfaces.Surface:Done bind to client
INFO:__main__:running!
INFO:__main__:running!
INFO:__main__:running!
INFO:__main__:running!
INFO:__main__:running!
INFO:Interfaces.TCP:Connected by ('192.168.1.9', 10543)
INFO:__main__:running!
INFO:__main__:running!
INFO:__main__:running!
INFO:__main__:running!
INFO:Interfaces.TCP:Connected by ('192.168.1.9', 10544)
INFO:__main__:running!
INFO:__main__:running!
INFO:__main__:running!
INFO:__main__:running!
INFO:__main__:running!
INFO:__main__:running!
INFO:__main__:running!
INFO:__main__:running!
INFO:__main__:running!
INFO:__main__:running!
INFO:__main__:running!
INFO:__main__:running!
INFO:__main__:running!
INFO:__main__:running!
INFO:__main__:running!
INFO:__main__:running!
INFO:__main__:running!
INFO:__main__:running!
INFO:__main__:running!
INFO:__main__:running!
INFO:__main__:running!
INFO:__main__:running!
INFO:__main__:running!
INFO:__main__:running!
INFO:__main__:running!
INFO:__main__:running!
INFO:__main__:running!
INFO:__main__:running!
INFO:__main__:running!
INFO:__main__:running!
INFO:__main__:running!
INFO:__main__:running!
INFO:__main__:running!
INFO:__main__:running!
INFO:__main__:running!
INFO:__main__:running!
INFO:__main__:running!
INFO:__main__:running!
INFO:__main__:running!
INFO:__main__:running!
INFO:__main__:running!
INFO:__main__:running!
INFO:__main__:running!
INFO:__main__:running!
INFO:__main__:running!
INFO:__main__:running!
INFO:__main__:running!
INFO:__main__:running!
INFO:__main__:running!
INFO:__main__:running!
INFO:__main__:running!
INFO:__main__:running!
INFO:__main__:running!
INFO:__main__:running!
INFO:__main__:hello rov
INFO:__main__:Started logger
INFO:Interfaces.i2cbus:hello i2c bus
INFO:Drivers.Revolver:hello revolver
INFO:Drivers.Revolver:hello revolver
INFO:Drivers.Revolver:hello revolver
INFO:Drivers.Revolver:hello revolver
INFO:Drivers.Revolver:hello revolver
INFO:Drivers.Revolver:hello revolver
INFO:Interfaces.Surface:Attemping to bind to client
INFO:Interfaces.TCP:Connected by ('192.168.1.9', 10556)
INFO:Interfaces.Surface:Done bind to client
INFO:__main__:running!
INFO:__main__:running!
INFO:__main__:running!
INFO:__main__:running!
INFO:__main__:running!
INFO:__main__:hello rov
INFO:__main__:Started logger
INFO:Interfaces.i2cbus:hello i2c bus
INFO:Drivers.Revolver:hello revolver
INFO:Drivers.Revolver:hello revolver
INFO:Drivers.Revolver:hello revolver
INFO:Drivers.Revolver:hello revolver
INFO:Drivers.Revolver:hello revolver
INFO:Drivers.Revolver:hello revolver
INFO:Interfaces.Surface:Attemping to bind to client
INFO:Interfaces.TCP:Connected by ('192.168.1.9', 10557)
INFO:Interfaces.Surface:Done bind to client
INFO:__main__:running!
INFO:__main__:running!
INFO:__main__:running!
INFO:__main__:running!
INFO:__main__:running!
INFO:__main__:running!
INFO:__main__:running!
INFO:__main__:running!
INFO:__main__:running!
INFO:__main__:running!
INFO:__main__:running!
INFO:__main__:running!
INFO:__main__:running!
INFO:__main__:running!
INFO:__main__:running!
INFO:__main__:running!
INFO:__main__:running!
INFO:__main__:running!
INFO:__main__:running!
INFO:__main__:running!
INFO:__main__:running!
INFO:__main__:running!
INFO:__main__:running!
INFO:__main__:running!
INFO:__main__:running!
INFO:__main__:running!
INFO:__main__:running!
INFO:__main__:running!
INFO:__main__:running!
INFO:__main__:running!
INFO:__main__:running!
INFO:__main__:running!
INFO:__main__:running!
INFO:__main__:running!
INFO:__main__:running!
INFO:__main__:running!
INFO:__main__:running!
INFO:__main__:running!
INFO:__main__:running!
INFO:__main__:running!
INFO:__main__:running!
INFO:Interfaces.TCP:Connected by ('192.168.1.9', 10558)
INFO:__main__:running!
INFO:__main__:running!
INFO:__main__:running!
INFO:__main__:running!
INFO:__main__:running!
INFO:__main__:running!
INFO:__main__:running!
INFO:__main__:running!
INFO:__main__:running!
INFO:__main__:running!
INFO:__main__:running!
INFO:__main__:running!
INFO:__main__:running!
INFO:__main__:running!
INFO:__main__:running!
INFO:__main__:running!
INFO:__main__:running!
INFO:__main__:running!
INFO:__main__:running!
INFO:__main__:running!
INFO:__main__:running!
INFO:__main__:running!
INFO:__main__:running!
INFO:__main__:running!
INFO:__main__:running!
INFO:__main__:running!
INFO:__main__:running!
INFO:__main__:running!
INFO:__main__:running!
INFO:__main__:running!
INFO:__main__:running!
INFO:__main__:running!
INFO:__main__:running!
INFO:__main__:running!
INFO:__main__:running!
INFO:__main__:running!
INFO:__main__:running!
INFO:__main__:running!
INFO:__main__:running!
INFO:__main__:running!
INFO:__main__:running!
INFO:__main__:running!
INFO:__main__:running!
INFO:__main__:running!
INFO:__main__:running!
INFO:__main__:running!
INFO:__main__:running!
INFO:__main__:running!
INFO:__main__:running!
INFO:__main__:running!
INFO:__main__:running!
INFO:__main__:running!
INFO:__main__:running!
INFO:__main__:running!
INFO:__main__:running!
INFO:__main__:hello rov
INFO:__main__:Started logger
INFO:Interfaces.i2cbus:hello i2c bus
INFO:Drivers.Revolver:hello revolver
INFO:Drivers.Revolver:hello revolver
INFO:Drivers.Revolver:hello revolver
INFO:Drivers.Revolver:hello revolver
INFO:Drivers.Revolver:hello revolver
INFO:Drivers.Revolver:hello revolver
INFO:Interfaces.Surface:Attemping to bind to client
INFO:Interfaces.TCP:Connected by ('192.168.1.9', 10649)
INFO:Interfaces.Surface:Done bind to client
INFO:__main__:running!
INFO:__main__:running!
INFO:__main__:running!
INFO:__main__:running!
INFO:__main__:running!
INFO:__main__:running!
INFO:__main__:running!
INFO:__main__:running!
INFO:__main__:running!
INFO:__main__:running!
INFO:__main__:running!
INFO:__main__:running!
INFO:__main__:running!
INFO:__main__:running!
INFO:__main__:running!
INFO:__main__:running!
INFO:__main__:running!
INFO:__main__:running!
INFO:__main__:running!
INFO:__main__:running!
INFO:__main__:running!
INFO:__main__:running!
INFO:__main__:running!
INFO:__main__:running!
INFO:__main__:running!
INFO:__main__:running!
INFO:__main__:running!
INFO:__main__:running!
INFO:__main__:running!
INFO:__main__:running!
INFO:__main__:running!
INFO:__main__:running!
INFO:__main__:running!
INFO:__main__:running!
INFO:__main__:running!
INFO:__main__:running!
INFO:__main__:running!
INFO:__main__:running!
INFO:__main__:running!
INFO:__main__:running!
INFO:__main__:running!
INFO:__main__:running!
INFO:__main__:running!
INFO:__main__:running!
INFO:__main__:running!
INFO:__main__:running!
INFO:__main__:running!
INFO:__main__:running!
INFO:__main__:running!
INFO:__main__:running!
INFO:__main__:running!
INFO:__main__:running!
INFO:__main__:running!
INFO:__main__:running!
INFO:__main__:running!
INFO:__main__:running!
INFO:__main__:running!
INFO:__main__:running!
INFO:__main__:running!
INFO:__main__:running!
INFO:__main__:running!
INFO:__main__:running!
INFO:__main__:running!
INFO:__main__:running!
INFO:__main__:running!
INFO:__main__:running!
INFO:__main__:running!
INFO:__main__:running!
INFO:__main__:running!
INFO:__main__:running!
INFO:__main__:running!
INFO:__main__:running!
INFO:__main__:running!
INFO:__main__:running!
INFO:__main__:running!
INFO:__main__:running!
INFO:__main__:running!
INFO:__main__:running!
INFO:__main__:running!
INFO:__main__:running!
INFO:__main__:running!
INFO:__main__:running!
INFO:__main__:running!
INFO:__main__:running!
INFO:__main__:running!
INFO:__main__:running!
INFO:__main__:running!
INFO:__main__:running!
INFO:__main__:running!
INFO:__main__:running!
INFO:__main__:running!
INFO:__main__:running!
INFO:__main__:running!
INFO:__main__:running!
INFO:__main__:running!
INFO:__main__:running!
INFO:__main__:running!
INFO:__main__:running!
INFO:__main__:running!
INFO:__main__:running!
INFO:__main__:running!
INFO:__main__:running!
INFO:__main__:running!
INFO:__main__:running!
INFO:__main__:running!
INFO:__main__:running!
INFO:__main__:running!
INFO:__main__:running!
INFO:__main__:running!
INFO:__main__:running!
INFO:__main__:running!
INFO:__main__:running!
INFO:__main__:running!
INFO:__main__:running!
INFO:__main__:running!
INFO:__main__:running!
INFO:__main__:running!
INFO:__main__:running!
INFO:__main__:running!
INFO:__main__:running!
INFO:__main__:running!
INFO:__main__:running!
INFO:__main__:running!
INFO:__main__:running!
INFO:__main__:running!
INFO:__main__:running!
INFO:__main__:running!
INFO:__main__:running!
INFO:__main__:running!
INFO:__main__:running!
INFO:__main__:running!
INFO:__main__:running!
INFO:__main__:running!
INFO:__main__:running!
INFO:__main__:running!
INFO:__main__:running!
INFO:__main__:running!
INFO:__main__:running!
INFO:__main__:running!
INFO:__main__:running!
INFO:__main__:running!
INFO:__main__:running!
INFO:__main__:running!
INFO:__main__:running!
INFO:__main__:running!
INFO:__main__:running!
INFO:__main__:running!
INFO:__main__:running!
INFO:__main__:running!
INFO:__main__:running!
INFO:__main__:running!
INFO:__main__:running!
INFO:__main__:running!
INFO:__main__:running!
INFO:__main__:running!
INFO:__main__:running!
INFO:__main__:running!
INFO:__main__:running!
INFO:__main__:running!
INFO:__main__:running!
INFO:__main__:running!
INFO:__main__:running!
INFO:__main__:running!
INFO:__main__:running!
INFO:__main__:running!
INFO:__main__:running!
INFO:__main__:running!
INFO:__main__:running!
INFO:__main__:running!
INFO:__main__:running!
INFO:__main__:running!
INFO:__main__:running!
INFO:__main__:running!
INFO:__main__:running!
INFO:__main__:running!
INFO:__main__:running!
INFO:__main__:running!
INFO:__main__:running!
INFO:__main__:running!
INFO:__main__:running!
INFO:__main__:running!
INFO:__main__:running!
INFO:__main__:running!
INFO:__main__:running!
INFO:__main__:running!
INFO:__main__:running!
INFO:__main__:running!
INFO:__main__:running!
INFO:__main__:running!
INFO:__main__:running!
INFO:__main__:running!
INFO:__main__:running!
INFO:__main__:running!
INFO:__main__:running!
INFO:__main__:running!
INFO:__main__:running!
INFO:__main__:running!
INFO:__main__:running!
INFO:__main__:running!
INFO:__main__:running!
INFO:__main__:running!
INFO:__main__:running!
INFO:__main__:running!
INFO:__main__:running!
INFO:__main__:running!
INFO:__main__:running!
INFO:__main__:running!
INFO:__main__:running!
INFO:__main__:running!
INFO:__main__:running!
INFO:__main__:running!
INFO:__main__:running!
INFO:__main__:running!
INFO:__main__:running!
INFO:__main__:running!
INFO:__main__:running!
INFO:__main__:running!
INFO:__main__:running!
INFO:__main__:running!
INFO:__main__:running!
INFO:__main__:running!
INFO:__main__:running!
INFO:__main__:running!
INFO:__main__:running!
INFO:__main__:running!
INFO:__main__:running!
INFO:__main__:running!
INFO:__main__:running!
INFO:__main__:running!
INFO:__main__:running!
INFO:__main__:running!
INFO:__main__:running!
INFO:__main__:running!
INFO:__main__:running!
INFO:__main__:running!
INFO:__main__:running!
INFO:__main__:running!
INFO:__main__:running!
INFO:__main__:running!
INFO:__main__:running!
INFO:__main__:running!
INFO:__main__:running!
INFO:__main__:running!
INFO:__main__:running!
INFO:__main__:running!
INFO:__main__:running!
INFO:__main__:running!
INFO:__main__:running!
INFO:__main__:running!
INFO:__main__:running!
INFO:__main__:running!
INFO:__main__:running!
INFO:__main__:running!
INFO:__main__:running!
INFO:__main__:running!
INFO:__main__:running!
INFO:__main__:running!
INFO:__main__:running!
INFO:__main__:running!
INFO:__main__:running!
INFO:__main__:running!
INFO:__main__:running!
INFO:__main__:running!
INFO:__main__:running!
INFO:__main__:running!
INFO:__main__:running!
INFO:__main__:running!
INFO:__main__:running!
INFO:__main__:running!
INFO:__main__:running!
INFO:__main__:running!
INFO:__main__:running!
INFO:__main__:running!
INFO:__main__:running!
INFO:__main__:running!
INFO:__main__:running!
INFO:__main__:running!
INFO:__main__:running!
INFO:__main__:running!
INFO:__main__:running!
INFO:__main__:running!
INFO:__main__:running!
INFO:__main__:running!
INFO:__main__:running!
INFO:__main__:running!
INFO:__main__:running!
INFO:__main__:running!
INFO:__main__:running!
INFO:__main__:running!
INFO:__main__:running!
INFO:__main__:running!
INFO:__main__:running!
INFO:__main__:running!
INFO:__main__:running!
INFO:__main__:running!
INFO:__main__:running!
INFO:__main__:running!
INFO:__main__:running!
INFO:__main__:running!
INFO:__main__:running!
INFO:__main__:running!
INFO:__main__:running!
INFO:__main__:running!
INFO:__main__:running!
INFO:__main__:running!
INFO:__main__:running!
INFO:__main__:running!
INFO:__main__:running!
INFO:__main__:running!
INFO:__main__:running!
INFO:__main__:running!
INFO:__main__:running!
INFO:__main__:running!
INFO:__main__:running!
INFO:__main__:running!
INFO:__main__:running!
INFO:__main__:running!
INFO:__main__:running!
INFO:__main__:running!
INFO:__main__:running!
INFO:__main__:running!
INFO:__main__:running!
INFO:__main__:running!
INFO:__main__:running!
INFO:__main__:running!
INFO:__main__:running!
INFO:__main__:running!
INFO:__main__:running!
INFO:__main__:running!
INFO:__main__:running!
INFO:__main__:running!
INFO:__main__:running!
INFO:__main__:running!
INFO:__main__:running!
INFO:__main__:running!
INFO:__main__:running!
INFO:__main__:running!
INFO:__main__:running!
INFO:__main__:running!
INFO:__main__:running!
INFO:__main__:running!
INFO:__main__:running!
INFO:__main__:running!
INFO:__main__:running!
INFO:__main__:running!
INFO:__main__:running!
INFO:__main__:running!
INFO:__main__:running!
INFO:__main__:running!
INFO:__main__:running!
INFO:__main__:running!
INFO:__main__:running!
INFO:__main__:running!
INFO:__main__:running!
INFO:__main__:running!
INFO:__main__:running!
INFO:__main__:running!
INFO:__main__:running!
INFO:__main__:running!
INFO:__main__:running!
INFO:__main__:running!
INFO:__main__:running!
INFO:__main__:running!
INFO:__main__:running!
INFO:__main__:running!
INFO:__main__:running!
INFO:__main__:running!
INFO:__main__:running!
INFO:__main__:running!
INFO:__main__:running!
INFO:__main__:running!
INFO:__main__:running!
INFO:__main__:running!
INFO:__main__:running!
INFO:__main__:running!
INFO:__main__:running!
INFO:__main__:running!
INFO:__main__:running!
INFO:__main__:running!
INFO:__main__:running!
INFO:__main__:running!
INFO:__main__:running!
INFO:__main__:running!
INFO:__main__:running!
INFO:__main__:running!
INFO:__main__:running!
INFO:__main__:running!
INFO:__main__:running!
INFO:__main__:running!
INFO:__main__:running!
INFO:__main__:running!
INFO:__main__:running!
INFO:__main__:running!
INFO:__main__:running!
INFO:__main__:running!
INFO:__main__:running!
INFO:__main__:running!
INFO:__main__:running!
INFO:__main__:running!
INFO:__main__:running!
INFO:__main__:running!
INFO:__main__:running!
INFO:__main__:running!
INFO:__main__:running!
INFO:__main__:running!
INFO:__main__:running!
INFO:__main__:running!
INFO:__main__:running!
INFO:__main__:running!
INFO:__main__:running!
INFO:__main__:running!
INFO:__main__:running!
INFO:__main__:running!
INFO:__main__:running!
INFO:__main__:running!
INFO:__main__:running!
INFO:__main__:running!
INFO:__main__:running!
INFO:__main__:running!
INFO:__main__:running!
INFO:__main__:running!
INFO:__main__:running!
INFO:__main__:running!
INFO:__main__:running!
INFO:__main__:running!
INFO:__main__:running!
INFO:__main__:running!
INFO:__main__:running!
INFO:__main__:running!
INFO:__main__:running!
INFO:__main__:running!
INFO:__main__:running!
INFO:__main__:running!
INFO:__main__:running!
INFO:__main__:running!
INFO:__main__:running!
INFO:__main__:running!
INFO:__main__:running!
INFO:__main__:running!
INFO:__main__:running!
INFO:__main__:running!
INFO:__main__:running!
INFO:__main__:running!
INFO:__main__:running!
INFO:__main__:running!
INFO:__main__:running!
INFO:__main__:running!
INFO:__main__:running!
INFO:__main__:running!
INFO:__main__:running!
INFO:__main__:running!
INFO:__main__:running!
INFO:__main__:running!
INFO:__main__:running!
INFO:__main__:running!
INFO:__main__:running!
INFO:__main__:running!
INFO:__main__:running!
INFO:__main__:running!
INFO:__main__:running!
INFO:__main__:running!
INFO:__main__:running!
INFO:__main__:running!
INFO:__main__:running!
INFO:__main__:running!
INFO:__main__:running!
INFO:__main__:hello rov
INFO:__main__:Started logger
INFO:Interfaces.i2cbus:hello i2c bus
INFO:Drivers.Revolver:hello revolver
INFO:Drivers.Revolver:hello revolver
INFO:Drivers.Revolver:hello revolver
INFO:Drivers.Revolver:hello revolver
INFO:Drivers.Revolver:hello revolver
INFO:Drivers.Revolver:hello revolver
INFO:Interfaces.Surface:Attemping to bind to client
INFO:Interfaces.TCP:Connected by ('192.168.1.9', 10696)
INFO:Interfaces.Surface:Done bind to client
INFO:__main__:hello rov
INFO:__main__:Started logger
INFO:Interfaces.i2cbus:hello i2c bus
INFO:Drivers.Revolver:hello revolver
INFO:Drivers.Revolver:hello revolver
INFO:Drivers.Revolver:hello revolver
INFO:Drivers.Revolver:hello revolver
INFO:Drivers.Revolver:hello revolver
INFO:Drivers.Revolver:hello revolver
INFO:Interfaces.Surface:Attemping to bind to client
INFO:Interfaces.TCP:Connected by ('192.168.1.9', 10697)
INFO:Interfaces.Surface:Done bind to client
INFO:__main__:hello rov
INFO:__main__:Started logger
INFO:Interfaces.i2cbus:hello i2c bus
INFO:Drivers.Revolver:hello revolver
INFO:Drivers.Revolver:hello revolver
INFO:Drivers.Revolver:hello revolver
INFO:Drivers.Revolver:hello revolver
INFO:Drivers.Revolver:hello revolver
INFO:Drivers.Revolver:hello revolver
INFO:Interfaces.Surface:Attemping to bind to client
INFO:__main__:hello rov
INFO:__main__:Started logger
INFO:Interfaces.i2cbus:hello i2c bus
INFO:Drivers.Revolver:hello revolver
INFO:Drivers.Revolver:hello revolver
INFO:Drivers.Revolver:hello revolver
INFO:Drivers.Revolver:hello revolver
INFO:Drivers.Revolver:hello revolver
INFO:Drivers.Revolver:hello revolver
INFO:Interfaces.Surface:Attemping to bind to client
INFO:__main__:hello rov
INFO:__main__:Started logger
INFO:Interfaces.i2cbus:hello i2c bus
INFO:Drivers.Revolver:hello revolver
INFO:Drivers.Revolver:hello revolver
INFO:Drivers.Revolver:hello revolver
INFO:Drivers.Revolver:hello revolver
INFO:Drivers.Revolver:hello revolver
INFO:Drivers.Revolver:hello revolver
INFO:Interfaces.Surface:Attemping to bind to client
INFO:__main__:hello rov
INFO:__main__:Started logger
INFO:Interfaces.i2cbus:hello i2c bus
INFO:Drivers.Revolver:hello revolver
INFO:Drivers.Revolver:hello revolver
INFO:Drivers.Revolver:hello revolver
INFO:Drivers.Revolver:hello revolver
INFO:Drivers.Revolver:hello revolver
INFO:Drivers.Revolver:hello revolver
INFO:Interfaces.Surface:Attemping to bind to client
INFO:__main__:hello rov
INFO:__main__:Started logger
INFO:Interfaces.i2cbus:hello i2c bus
INFO:Drivers.Revolver:hello revolver
INFO:Drivers.Revolver:hello revolver
INFO:Drivers.Revolver:hello revolver
INFO:Drivers.Revolver:hello revolver
INFO:Drivers.Revolver:hello revolver
INFO:Drivers.Revolver:hello revolver
INFO:Interfaces.Surface:Attemping to bind to client
INFO:__main__:hello rov
INFO:__main__:Started logger
INFO:Interfaces.i2cbus:hello i2c bus
INFO:Drivers.Revolver:hello revolver
INFO:Drivers.Revolver:hello revolver
INFO:Drivers.Revolver:hello revolver
INFO:Drivers.Revolver:hello revolver
INFO:Drivers.Revolver:hello revolver
INFO:Drivers.Revolver:hello revolver
INFO:Interfaces.Surface:Attemping to bind to client
INFO:__main__:hello rov
INFO:__main__:Started logger
INFO:Interfaces.i2cbus:hello i2c bus
INFO:Drivers.Revolver:hello revolver
INFO:Drivers.Revolver:hello revolver
INFO:Drivers.Revolver:hello revolver
INFO:Drivers.Revolver:hello revolver
INFO:Drivers.Revolver:hello revolver
INFO:Drivers.Revolver:hello revolver
INFO:Interfaces.Surface:Attemping to bind to client
INFO:__main__:hello rov
INFO:__main__:Started logger
INFO:Interfaces.i2cbus:hello i2c bus
INFO:Drivers.Revolver:hello revolver
INFO:Drivers.Revolver:hello revolver
INFO:Drivers.Revolver:hello revolver
INFO:Drivers.Revolver:hello revolver
INFO:Drivers.Revolver:hello revolver
INFO:Drivers.Revolver:hello revolver
ERROR:Interfaces.i2cbus:[Errno 5] Input/output error
INFO:Interfaces.Surface:Attemping to bind to client
INFO:__main__:hello rov
INFO:__main__:Started logger
INFO:Interfaces.i2cbus:hello i2c bus
INFO:Drivers.Revolver:hello revolver
INFO:Drivers.Revolver:hello revolver
INFO:Drivers.Revolver:hello revolver
INFO:Drivers.Revolver:hello revolver
INFO:Drivers.Revolver:hello revolver
INFO:Drivers.Revolver:hello revolver
ERROR:Interfaces.i2cbus:[Errno 5] Input/output error
INFO:Interfaces.Surface:Attemping to bind to client
INFO:__main__:hello rov
INFO:__main__:Started logger
INFO:Interfaces.i2cbus:hello i2c bus
INFO:Drivers.Revolver:hello revolver
INFO:Drivers.Revolver:hello revolver
INFO:Drivers.Revolver:hello revolver
INFO:Drivers.Revolver:hello revolver
INFO:Drivers.Revolver:hello revolver
INFO:Drivers.Revolver:hello revolver
ERROR:Interfaces.i2cbus:[Errno 5] Input/output error
INFO:Interfaces.Surface:Attemping to bind to client
INFO:__main__:hello rov
INFO:__main__:Started logger
INFO:Interfaces.i2cbus:hello i2c bus
INFO:Drivers.Revolver:hello revolver
INFO:Drivers.Revolver:hello revolver
INFO:Drivers.Revolver:hello revolver
INFO:Drivers.Revolver:hello revolver
INFO:Drivers.Revolver:hello revolver
INFO:Drivers.Revolver:hello revolver
INFO:Interfaces.Surface:Attemping to bind to client
INFO:__main__:hello rov
INFO:__main__:Started logger
INFO:Interfaces.i2cbus:hello i2c bus
INFO:Drivers.Revolver:hello revolver
INFO:Drivers.Revolver:hello revolver
INFO:Drivers.Revolver:hello revolver
INFO:Drivers.Revolver:hello revolver
INFO:Drivers.Revolver:hello revolver
INFO:Drivers.Revolver:hello revolver
INFO:Interfaces.Surface:Attemping to bind to client
INFO:__main__:hello rov
INFO:__main__:Started logger
INFO:Interfaces.i2cbus:hello i2c bus
INFO:Drivers.Revolver:hello revolver
INFO:Drivers.Revolver:hello revolver
INFO:Drivers.Revolver:hello revolver
INFO:Drivers.Revolver:hello revolver
INFO:Drivers.Revolver:hello revolver
INFO:Drivers.Revolver:hello revolver
INFO:__main__:hello rov
INFO:__main__:Started logger
INFO:Interfaces.i2cbus:hello i2c bus
INFO:Drivers.Revolver:hello revolver
INFO:Drivers.Revolver:hello revolver
INFO:Drivers.Revolver:hello revolver
INFO:Drivers.Revolver:hello revolver
INFO:Drivers.Revolver:hello revolver
INFO:Drivers.Revolver:hello revolver
INFO:Interfaces.Surface:Attemping to bind to client
INFO:__main__:hello rov
INFO:__main__:Started logger
INFO:Interfaces.i2cbus:hello i2c bus
INFO:Drivers.Revolver:hello revolver
INFO:Drivers.Revolver:hello revolver
INFO:Drivers.Revolver:hello revolver
INFO:Drivers.Revolver:hello revolver
INFO:Drivers.Revolver:hello revolver
INFO:Drivers.Revolver:hello revolver
INFO:Interfaces.Surface:Attemping to bind to client
INFO:Interfaces.TCP:Connected by ('192.168.1.9', 52996)
INFO:Interfaces.Surface:Done bind to client
INFO:__main__:running!
INFO:__main__:running!
INFO:__main__:running!
INFO:__main__:running!
INFO:__main__:running!
INFO:__main__:running!
INFO:__main__:running!
INFO:__main__:running!
INFO:__main__:running!
INFO:__main__:running!
INFO:__main__:running!
INFO:__main__:running!
INFO:__main__:running!
INFO:__main__:running!
INFO:__main__:running!
INFO:__main__:running!
INFO:__main__:running!
INFO:__main__:running!
INFO:__main__:running!
INFO:__main__:running!
INFO:__main__:running!
INFO:__main__:running!
INFO:__main__:running!
INFO:__main__:running!
INFO:__main__:running!
INFO:__main__:running!
INFO:__main__:running!
INFO:__main__:running!
INFO:__main__:running!
INFO:__main__:running!
INFO:__main__:running!
INFO:__main__:running!
INFO:__main__:running!
INFO:__main__:running!
INFO:__main__:running!
INFO:__main__:running!
INFO:__main__:running!
INFO:__main__:running!
INFO:__main__:running!
INFO:__main__:running!
INFO:__main__:running!
INFO:__main__:running!
INFO:__main__:running!
INFO:__main__:running!
INFO:__main__:running!
INFO:__main__:running!
INFO:__main__:running!
INFO:__main__:running!
INFO:__main__:running!
INFO:__main__:running!
INFO:__main__:running!
INFO:__main__:running!
INFO:__main__:running!
INFO:__main__:running!
INFO:__main__:running!
INFO:__main__:running!
INFO:__main__:running!
INFO:__main__:running!
INFO:__main__:running!
INFO:__main__:running!
INFO:__main__:running!
INFO:__main__:running!
INFO:__main__:running!
INFO:__main__:running!
INFO:__main__:running!
INFO:__main__:running!
INFO:__main__:running!
INFO:__main__:running!
INFO:__main__:hello rov
INFO:__main__:Started logger
INFO:Interfaces.i2cbus:hello i2c bus
INFO:Drivers.Revolver:hello revolver
INFO:Drivers.Revolver:hello revolver
INFO:Drivers.Revolver:hello revolver
INFO:Drivers.Revolver:hello revolver
INFO:Drivers.Revolver:hello revolver
INFO:Drivers.Revolver:hello revolver
INFO:Interfaces.Surface:Attemping to bind to client
INFO:Interfaces.TCP:Connected by ('192.168.1.9', 53106)
INFO:Interfaces.Surface:Done bind to client
INFO:__main__:running!
INFO:__main__:hello rov
INFO:__main__:Started logger
INFO:Interfaces.i2cbus:hello i2c bus
INFO:Drivers.Revolver:hello revolver
INFO:Drivers.Revolver:hello revolver
INFO:Drivers.Revolver:hello revolver
INFO:Drivers.Revolver:hello revolver
INFO:Drivers.Revolver:hello revolver
INFO:Drivers.Revolver:hello revolver
INFO:Interfaces.Surface:Attemping to bind to client
INFO:Interfaces.TCP:Connected by ('192.168.1.9', 53216)
INFO:Interfaces.Surface:Done bind to client
INFO:__main__:running!
INFO:__main__:running!
INFO:__main__:running!
INFO:__main__:running!
INFO:__main__:running!
INFO:__main__:running!
