INFO:__main__:Started logger
INFO:Interfaces.i2cbus:hello i2c bus
INFO:Drivers.PDB:PDB Initialized
INFO:Drivers.PDB:PDB Ready
INFO:Drivers.Revolver:Motor 0 disabled.
INFO:Drivers.Revolver:Motor 1 disabled.
INFO:Drivers.Revolver:Motor 2 disabled.
INFO:Drivers.Revolver:Motor 3 disabled.
INFO:Drivers.Revolver:Motor 4 disabled.
INFO:Drivers.Revolver:Motor 5 disabled.
ERROR:Drivers.Revolver:Cannot set speed. Motor 0 is disabled or in brake mode.
ERROR:Drivers.Revolver:Cannot set speed. Motor 1 is disabled or in brake mode.
ERROR:Drivers.Revolver:Cannot set speed. Motor 2 is disabled or in brake mode.
ERROR:Drivers.Revolver:Cannot set speed. Motor 3 is disabled or in brake mode.
ERROR:Drivers.Revolver:Cannot set speed. Motor 4 is disabled or in brake mode.
ERROR:Drivers.Revolver:Cannot set speed. Motor 5 is disabled or in brake mode.
INFO:Interfaces.Surface:Attemping to bind to client
INFO:Drivers.Revolver:Motor 0 disabled.
INFO:Drivers.Revolver:Motor 1 disabled.
INFO:Drivers.Revolver:Motor 2 disabled.
INFO:Drivers.Revolver:Motor 3 disabled.
INFO:Drivers.Revolver:Motor 4 disabled.
INFO:Drivers.Revolver:Motor 5 disabled.
ERROR:Drivers.Revolver:Cannot set speed. Motor 0 is disabled or in brake mode.
ERROR:Drivers.Revolver:Cannot set speed. Motor 1 is disabled or in brake mode.
ERROR:Drivers.Revolver:Cannot set speed. Motor 2 is disabled or in brake mode.
ERROR:Drivers.Revolver:Cannot set speed. Motor 3 is disabled or in brake mode.
ERROR:Drivers.Revolver:Cannot set speed. Motor 4 is disabled or in brake mode.
ERROR:Drivers.Revolver:Cannot set speed. Motor 5 is disabled or in brake mode.
INFO:Interfaces.Surface:Attemping to bind to client
INFO:Interfaces.TCP:Connected by ('192.168.1.9', 59076)
INFO:Drivers.Revolver:Motor 0 disabled.
INFO:Drivers.Revolver:Motor 1 disabled.
INFO:Drivers.Revolver:Motor 2 disabled.
INFO:Drivers.Revolver:Motor 3 disabled.
INFO:Drivers.Revolver:Motor 4 disabled.
INFO:Drivers.Revolver:Motor 5 disabled.
ERROR:Drivers.Revolver:Cannot set speed. Motor 0 is disabled or in brake mode.
ERROR:Drivers.Revolver:Cannot set speed. Motor 1 is disabled or in brake mode.
ERROR:Drivers.Revolver:Cannot set speed. Motor 2 is disabled or in brake mode.
ERROR:Drivers.Revolver:Cannot set speed. Motor 3 is disabled or in brake mode.
ERROR:Drivers.Revolver:Cannot set speed. Motor 4 is disabled or in brake mode.
ERROR:Drivers.Revolver:Cannot set speed. Motor 5 is disabled or in brake mode.
INFO:Drivers.Revolver:Motor 0 disabled.
INFO:Drivers.Revolver:Motor 1 disabled.
INFO:Drivers.Revolver:Motor 2 disabled.
INFO:Drivers.Revolver:Motor 3 disabled.
INFO:Drivers.Revolver:Motor 4 disabled.
INFO:Drivers.Revolver:Motor 5 disabled.
ERROR:Drivers.Revolver:Cannot set speed. Motor 0 is disabled or in brake mode.
ERROR:Drivers.Revolver:Cannot set speed. Motor 1 is disabled or in brake mode.
ERROR:Drivers.Revolver:Cannot set speed. Motor 2 is disabled or in brake mode.
ERROR:Drivers.Revolver:Cannot set speed. Motor 3 is disabled or in brake mode.
ERROR:Drivers.Revolver:Cannot set speed. Motor 4 is disabled or in brake mode.
ERROR:Drivers.Revolver:Cannot set speed. Motor 5 is disabled or in brake mode.
INFO:Drivers.Revolver:Motor 0 disabled.
INFO:Drivers.Revolver:Motor 1 disabled.
INFO:Drivers.Revolver:Motor 2 disabled.
INFO:Drivers.Revolver:Motor 3 disabled.
INFO:Drivers.Revolver:Motor 4 disabled.
INFO:Drivers.Revolver:Motor 5 disabled.
ERROR:Drivers.Revolver:Cannot set speed. Motor 0 is disabled or in brake mode.
ERROR:Drivers.Revolver:Cannot set speed. Motor 1 is disabled or in brake mode.
ERROR:Drivers.Revolver:Cannot set speed. Motor 2 is disabled or in brake mode.
ERROR:Drivers.Revolver:Cannot set speed. Motor 3 is disabled or in brake mode.
ERROR:Drivers.Revolver:Cannot set speed. Motor 4 is disabled or in brake mode.
ERROR:Drivers.Revolver:Cannot set speed. Motor 5 is disabled or in brake mode.
INFO:Drivers.Revolver:Motor 0 disabled.
INFO:Drivers.Revolver:Motor 1 disabled.
INFO:Drivers.Revolver:Motor 2 disabled.
INFO:Drivers.Revolver:Motor 3 disabled.
INFO:Drivers.Revolver:Motor 4 disabled.
INFO:Drivers.Revolver:Motor 5 disabled.
ERROR:Drivers.Revolver:Cannot set speed. Motor 0 is disabled or in brake mode.
ERROR:Drivers.Revolver:Cannot set speed. Motor 1 is disabled or in brake mode.
ERROR:Drivers.Revolver:Cannot set speed. Motor 2 is disabled or in brake mode.
ERROR:Drivers.Revolver:Cannot set speed. Motor 3 is disabled or in brake mode.
ERROR:Drivers.Revolver:Cannot set speed. Motor 4 is disabled or in brake mode.
ERROR:Drivers.Revolver:Cannot set speed. Motor 5 is disabled or in brake mode.
INFO:Drivers.Revolver:Motor 0 disabled.
INFO:Drivers.Revolver:Motor 1 disabled.
INFO:Drivers.Revolver:Motor 2 disabled.
INFO:Drivers.Revolver:Motor 3 disabled.
INFO:Drivers.Revolver:Motor 4 disabled.
INFO:Drivers.Revolver:Motor 5 disabled.
ERROR:Drivers.Revolver:Cannot set speed. Motor 0 is disabled or in brake mode.
ERROR:Drivers.Revolver:Cannot set speed. Motor 1 is disabled or in brake mode.
ERROR:Drivers.Revolver:Cannot set speed. Motor 2 is disabled or in brake mode.
ERROR:Drivers.Revolver:Cannot set speed. Motor 3 is disabled or in brake mode.
ERROR:Drivers.Revolver:Cannot set speed. Motor 4 is disabled or in brake mode.
ERROR:Drivers.Revolver:Cannot set speed. Motor 5 is disabled or in brake mode.
INFO:Drivers.Revolver:Motor 0 disabled.
INFO:Drivers.Revolver:Motor 1 disabled.
INFO:Drivers.Revolver:Motor 2 disabled.
INFO:Drivers.Revolver:Motor 3 disabled.
INFO:Drivers.Revolver:Motor 4 disabled.
INFO:Drivers.Revolver:Motor 5 disabled.
ERROR:Drivers.Revolver:Cannot set speed. Motor 0 is disabled or in brake mode.
ERROR:Drivers.Revolver:Cannot set speed. Motor 1 is disabled or in brake mode.
ERROR:Drivers.Revolver:Cannot set speed. Motor 2 is disabled or in brake mode.
ERROR:Drivers.Revolver:Cannot set speed. Motor 3 is disabled or in brake mode.
ERROR:Drivers.Revolver:Cannot set speed. Motor 4 is disabled or in brake mode.
ERROR:Drivers.Revolver:Cannot set speed. Motor 5 is disabled or in brake mode.
INFO:Interfaces.Surface:Attemping to bind to client
INFO:Drivers.Revolver:Motor 0 disabled.
INFO:Drivers.Revolver:Motor 1 disabled.
INFO:Drivers.Revolver:Motor 2 disabled.
INFO:Drivers.Revolver:Motor 3 disabled.
INFO:Drivers.Revolver:Motor 4 disabled.
INFO:Drivers.Revolver:Motor 5 disabled.
ERROR:Drivers.Revolver:Cannot set speed. Motor 0 is disabled or in brake mode.
ERROR:Drivers.Revolver:Cannot set speed. Motor 1 is disabled or in brake mode.
ERROR:Drivers.Revolver:Cannot set speed. Motor 2 is disabled or in brake mode.
ERROR:Drivers.Revolver:Cannot set speed. Motor 3 is disabled or in brake mode.
ERROR:Drivers.Revolver:Cannot set speed. Motor 4 is disabled or in brake mode.
ERROR:Drivers.Revolver:Cannot set speed. Motor 5 is disabled or in brake mode.
INFO:Interfaces.Surface:Attemping to bind to client
INFO:Drivers.Revolver:Motor 0 disabled.
INFO:Drivers.Revolver:Motor 1 disabled.
INFO:Drivers.Revolver:Motor 2 disabled.
INFO:Drivers.Revolver:Motor 3 disabled.
INFO:Drivers.Revolver:Motor 4 disabled.
INFO:Drivers.Revolver:Motor 5 disabled.
ERROR:Drivers.Revolver:Cannot set speed. Motor 0 is disabled or in brake mode.
ERROR:Drivers.Revolver:Cannot set speed. Motor 1 is disabled or in brake mode.
ERROR:Drivers.Revolver:Cannot set speed. Motor 2 is disabled or in brake mode.
ERROR:Drivers.Revolver:Cannot set speed. Motor 3 is disabled or in brake mode.
ERROR:Drivers.Revolver:Cannot set speed. Motor 4 is disabled or in brake mode.
ERROR:Drivers.Revolver:Cannot set speed. Motor 5 is disabled or in brake mode.
INFO:Interfaces.Surface:Attemping to bind to client
INFO:Drivers.Revolver:Motor 0 disabled.
INFO:Drivers.Revolver:Motor 1 disabled.
INFO:Drivers.Revolver:Motor 2 disabled.
INFO:Drivers.Revolver:Motor 3 disabled.
INFO:Drivers.Revolver:Motor 4 disabled.
INFO:Drivers.Revolver:Motor 5 disabled.
ERROR:Drivers.Revolver:Cannot set speed. Motor 0 is disabled or in brake mode.
ERROR:Drivers.Revolver:Cannot set speed. Motor 1 is disabled or in brake mode.
ERROR:Drivers.Revolver:Cannot set speed. Motor 2 is disabled or in brake mode.
ERROR:Drivers.Revolver:Cannot set speed. Motor 3 is disabled or in brake mode.
ERROR:Drivers.Revolver:Cannot set speed. Motor 4 is disabled or in brake mode.
ERROR:Drivers.Revolver:Cannot set speed. Motor 5 is disabled or in brake mode.
INFO:Interfaces.Surface:Attemping to bind to client
INFO:Drivers.Revolver:Motor 0 disabled.
INFO:Drivers.Revolver:Motor 1 disabled.
INFO:Drivers.Revolver:Motor 2 disabled.
INFO:Drivers.Revolver:Motor 3 disabled.
INFO:Drivers.Revolver:Motor 4 disabled.
INFO:Drivers.Revolver:Motor 5 disabled.
ERROR:Drivers.Revolver:Cannot set speed. Motor 0 is disabled or in brake mode.
ERROR:Drivers.Revolver:Cannot set speed. Motor 1 is disabled or in brake mode.
ERROR:Drivers.Revolver:Cannot set speed. Motor 2 is disabled or in brake mode.
ERROR:Drivers.Revolver:Cannot set speed. Motor 3 is disabled or in brake mode.
ERROR:Drivers.Revolver:Cannot set speed. Motor 4 is disabled or in brake mode.
ERROR:Drivers.Revolver:Cannot set speed. Motor 5 is disabled or in brake mode.
INFO:Interfaces.Surface:Attemping to bind to client
INFO:Drivers.Revolver:Motor 0 disabled.
INFO:Drivers.Revolver:Motor 1 disabled.
INFO:Drivers.Revolver:Motor 2 disabled.
INFO:Drivers.Revolver:Motor 3 disabled.
INFO:Drivers.Revolver:Motor 4 disabled.
INFO:Drivers.Revolver:Motor 5 disabled.
ERROR:Drivers.Revolver:Cannot set speed. Motor 0 is disabled or in brake mode.
ERROR:Drivers.Revolver:Cannot set speed. Motor 1 is disabled or in brake mode.
ERROR:Drivers.Revolver:Cannot set speed. Motor 2 is disabled or in brake mode.
ERROR:Drivers.Revolver:Cannot set speed. Motor 3 is disabled or in brake mode.
ERROR:Drivers.Revolver:Cannot set speed. Motor 4 is disabled or in brake mode.
ERROR:Drivers.Revolver:Cannot set speed. Motor 5 is disabled or in brake mode.
INFO:Interfaces.Surface:Attemping to bind to client
INFO:Drivers.Revolver:Motor 0 disabled.
INFO:Drivers.Revolver:Motor 1 disabled.
INFO:Drivers.Revolver:Motor 2 disabled.
INFO:Drivers.Revolver:Motor 3 disabled.
INFO:Drivers.Revolver:Motor 4 disabled.
INFO:Drivers.Revolver:Motor 5 disabled.
ERROR:Drivers.Revolver:Cannot set speed. Motor 0 is disabled or in brake mode.
ERROR:Drivers.Revolver:Cannot set speed. Motor 1 is disabled or in brake mode.
ERROR:Drivers.Revolver:Cannot set speed. Motor 2 is disabled or in brake mode.
ERROR:Drivers.Revolver:Cannot set speed. Motor 3 is disabled or in brake mode.
ERROR:Drivers.Revolver:Cannot set speed. Motor 4 is disabled or in brake mode.
ERROR:Drivers.Revolver:Cannot set speed. Motor 5 is disabled or in brake mode.
INFO:Interfaces.Surface:Attemping to bind to client
INFO:Drivers.Revolver:Motor 0 disabled.
INFO:Drivers.Revolver:Motor 1 disabled.
INFO:Drivers.Revolver:Motor 2 disabled.
INFO:Drivers.Revolver:Motor 3 disabled.
INFO:Drivers.Revolver:Motor 4 disabled.
INFO:Drivers.Revolver:Motor 5 disabled.
ERROR:Drivers.Revolver:Cannot set speed. Motor 0 is disabled or in brake mode.
ERROR:Drivers.Revolver:Cannot set speed. Motor 1 is disabled or in brake mode.
ERROR:Drivers.Revolver:Cannot set speed. Motor 2 is disabled or in brake mode.
ERROR:Drivers.Revolver:Cannot set speed. Motor 3 is disabled or in brake mode.
ERROR:Drivers.Revolver:Cannot set speed. Motor 4 is disabled or in brake mode.
ERROR:Drivers.Revolver:Cannot set speed. Motor 5 is disabled or in brake mode.
INFO:Interfaces.Surface:Attemping to bind to client
INFO:Interfaces.TCP:Connected by ('192.168.1.9', 59085)
INFO:Drivers.Revolver:Motor 0 disabled.
INFO:Drivers.Revolver:Motor 1 disabled.
INFO:Drivers.Revolver:Motor 2 disabled.
INFO:Drivers.Revolver:Motor 3 disabled.
INFO:Drivers.Revolver:Motor 4 disabled.
INFO:Drivers.Revolver:Motor 5 disabled.
ERROR:Drivers.Revolver:Cannot set speed. Motor 0 is disabled or in brake mode.
ERROR:Drivers.Revolver:Cannot set speed. Motor 1 is disabled or in brake mode.
ERROR:Drivers.Revolver:Cannot set speed. Motor 2 is disabled or in brake mode.
ERROR:Drivers.Revolver:Cannot set speed. Motor 3 is disabled or in brake mode.
ERROR:Drivers.Revolver:Cannot set speed. Motor 4 is disabled or in brake mode.
ERROR:Drivers.Revolver:Cannot set speed. Motor 5 is disabled or in brake mode.
INFO:Drivers.Revolver:Motor 0 disabled.
INFO:Drivers.Revolver:Motor 1 disabled.
INFO:Drivers.Revolver:Motor 2 disabled.
INFO:Drivers.Revolver:Motor 3 disabled.
INFO:Drivers.Revolver:Motor 4 disabled.
INFO:Drivers.Revolver:Motor 5 disabled.
ERROR:Drivers.Revolver:Cannot set speed. Motor 0 is disabled or in brake mode.
ERROR:Drivers.Revolver:Cannot set speed. Motor 1 is disabled or in brake mode.
ERROR:Drivers.Revolver:Cannot set speed. Motor 2 is disabled or in brake mode.
ERROR:Drivers.Revolver:Cannot set speed. Motor 3 is disabled or in brake mode.
ERROR:Drivers.Revolver:Cannot set speed. Motor 4 is disabled or in brake mode.
ERROR:Drivers.Revolver:Cannot set speed. Motor 5 is disabled or in brake mode.
INFO:Drivers.Revolver:Motor 0 disabled.
INFO:Drivers.Revolver:Motor 1 disabled.
INFO:Drivers.Revolver:Motor 2 disabled.
INFO:Drivers.Revolver:Motor 3 disabled.
INFO:Drivers.Revolver:Motor 4 disabled.
INFO:Drivers.Revolver:Motor 5 disabled.
ERROR:Drivers.Revolver:Cannot set speed. Motor 0 is disabled or in brake mode.
ERROR:Drivers.Revolver:Cannot set speed. Motor 1 is disabled or in brake mode.
ERROR:Drivers.Revolver:Cannot set speed. Motor 2 is disabled or in brake mode.
ERROR:Drivers.Revolver:Cannot set speed. Motor 3 is disabled or in brake mode.
ERROR:Drivers.Revolver:Cannot set speed. Motor 4 is disabled or in brake mode.
ERROR:Drivers.Revolver:Cannot set speed. Motor 5 is disabled or in brake mode.
INFO:Drivers.Revolver:Motor 0 disabled.
INFO:Drivers.Revolver:Motor 1 disabled.
INFO:Drivers.Revolver:Motor 2 disabled.
INFO:Drivers.Revolver:Motor 3 disabled.
INFO:Drivers.Revolver:Motor 4 disabled.
INFO:Drivers.Revolver:Motor 5 disabled.
ERROR:Drivers.Revolver:Cannot set speed. Motor 0 is disabled or in brake mode.
ERROR:Drivers.Revolver:Cannot set speed. Motor 1 is disabled or in brake mode.
ERROR:Drivers.Revolver:Cannot set speed. Motor 2 is disabled or in brake mode.
ERROR:Drivers.Revolver:Cannot set speed. Motor 3 is disabled or in brake mode.
ERROR:Drivers.Revolver:Cannot set speed. Motor 4 is disabled or in brake mode.
ERROR:Drivers.Revolver:Cannot set speed. Motor 5 is disabled or in brake mode.
INFO:Drivers.Revolver:Motor 0 disabled.
INFO:Drivers.Revolver:Motor 1 disabled.
INFO:Drivers.Revolver:Motor 2 disabled.
INFO:Drivers.Revolver:Motor 3 disabled.
INFO:Drivers.Revolver:Motor 4 disabled.
INFO:Drivers.Revolver:Motor 5 disabled.
ERROR:Drivers.Revolver:Cannot set speed. Motor 0 is disabled or in brake mode.
ERROR:Drivers.Revolver:Cannot set speed. Motor 1 is disabled or in brake mode.
ERROR:Drivers.Revolver:Cannot set speed. Motor 2 is disabled or in brake mode.
ERROR:Drivers.Revolver:Cannot set speed. Motor 3 is disabled or in brake mode.
ERROR:Drivers.Revolver:Cannot set speed. Motor 4 is disabled or in brake mode.
ERROR:Drivers.Revolver:Cannot set speed. Motor 5 is disabled or in brake mode.
INFO:Drivers.Revolver:Motor 0 disabled.
INFO:Drivers.Revolver:Motor 1 disabled.
INFO:Drivers.Revolver:Motor 2 disabled.
INFO:Drivers.Revolver:Motor 3 disabled.
INFO:Drivers.Revolver:Motor 4 disabled.
INFO:Drivers.Revolver:Motor 5 disabled.
ERROR:Drivers.Revolver:Cannot set speed. Motor 0 is disabled or in brake mode.
ERROR:Drivers.Revolver:Cannot set speed. Motor 1 is disabled or in brake mode.
ERROR:Drivers.Revolver:Cannot set speed. Motor 2 is disabled or in brake mode.
ERROR:Drivers.Revolver:Cannot set speed. Motor 3 is disabled or in brake mode.
ERROR:Drivers.Revolver:Cannot set speed. Motor 4 is disabled or in brake mode.
ERROR:Drivers.Revolver:Cannot set speed. Motor 5 is disabled or in brake mode.
INFO:Interfaces.Surface:Attemping to bind to client
INFO:Drivers.Revolver:Motor 0 disabled.
INFO:Drivers.Revolver:Motor 1 disabled.
INFO:Drivers.Revolver:Motor 2 disabled.
INFO:Drivers.Revolver:Motor 3 disabled.
INFO:Drivers.Revolver:Motor 4 disabled.
INFO:Drivers.Revolver:Motor 5 disabled.
ERROR:Drivers.Revolver:Cannot set speed. Motor 0 is disabled or in brake mode.
ERROR:Drivers.Revolver:Cannot set speed. Motor 1 is disabled or in brake mode.
ERROR:Drivers.Revolver:Cannot set speed. Motor 2 is disabled or in brake mode.
ERROR:Drivers.Revolver:Cannot set speed. Motor 3 is disabled or in brake mode.
ERROR:Drivers.Revolver:Cannot set speed. Motor 4 is disabled or in brake mode.
ERROR:Drivers.Revolver:Cannot set speed. Motor 5 is disabled or in brake mode.
INFO:Interfaces.Surface:Attemping to bind to client
