INFO:__main__:Started logger
INFO:Interfaces.i2cbus:hello i2c bus
INFO:Drivers.Revolver:hello revolver
INFO:Drivers.Revolver:hello revolver
INFO:Drivers.Revolver:hello revolver
INFO:Drivers.Revolver:hello revolver
INFO:Drivers.Revolver:hello revolver
INFO:Drivers.Revolver:hello revolver
INFO:Interfaces.Surface:Attemping to bind to client
INFO:Interfaces.TCP:Connected by ('192.168.1.9', 53660)
INFO:Interfaces.Surface:Done bind to client
INFO:__main__:running!
ERROR:Drivers.Revolver:Cannot set speed. Motor 0 is disabled or in brake mode.
ERROR:Drivers.Revolver:Cannot set speed. Motor 1 is disabled or in brake mode.
ERROR:Drivers.Revolver:Cannot set speed. Motor 2 is disabled or in brake mode.
ERROR:Drivers.Revolver:Cannot set speed. Motor 3 is disabled or in brake mode.
ERROR:Drivers.Revolver:Cannot set speed. Motor 4 is disabled or in brake mode.
ERROR:Drivers.Revolver:Cannot set speed. Motor 5 is disabled or in brake mode.
INFO:__main__:set thrusters
INFO:__main__:running!
ERROR:Drivers.Revolver:Cannot set speed. Motor 0 is disabled or in brake mode.
ERROR:Drivers.Revolver:Cannot set speed. Motor 1 is disabled or in brake mode.
ERROR:Drivers.Revolver:Cannot set speed. Motor 2 is disabled or in brake mode.
ERROR:Drivers.Revolver:Cannot set speed. Motor 3 is disabled or in brake mode.
ERROR:Drivers.Revolver:Cannot set speed. Motor 4 is disabled or in brake mode.
ERROR:Drivers.Revolver:Cannot set speed. Motor 5 is disabled or in brake mode.
INFO:__main__:set thrusters
INFO:__main__:running!
