INFO:__main__:Started logger
INFO:Interfaces.i2cbus:hello i2c bus
INFO:Interfaces.Surface:Attemping to bind to client
INFO:Interfaces.TCP:Connected by ('192.168.1.9', 50305)
INFO:Interfaces.Surface:Done bind to client
ERROR:__main__:CRITICAL EXCEPTION IN MAIN: 'Rov' object has no attribute 'enable_thrusters'
ERROR:__main__:CRITICAL EXCEPTION IN MAIN: 'NoneType' object has no attribute 'decode'
ERROR:__main__:CRITICAL EXCEPTION IN MAIN: 'Rov' object has no attribute 'enable_thrusters'
ERROR:__main__:CRITICAL EXCEPTION IN MAIN: 'NoneType' object has no attribute 'decode'
ERROR:__main__:CRITICAL EXCEPTION IN MAIN: 'Rov' object has no attribute 'enable_thrusters'
ERROR:__main__:CRITICAL EXCEPTION IN MAIN: 'NoneType' object has no attribute 'decode'
ERROR:__main__:CRITICAL EXCEPTION IN MAIN: 'Rov' object has no attribute 'enable_thrusters'
ERROR:__main__:CRITICAL EXCEPTION IN MAIN: 'NoneType' object has no attribute 'decode'
ERROR:__main__:CRITICAL EXCEPTION IN MAIN: 'Rov' object has no attribute 'enable_thrusters'
ERROR:__main__:CRITICAL EXCEPTION IN MAIN: 'NoneType' object has no attribute 'decode'
ERROR:__main__:CRITICAL EXCEPTION IN MAIN: 'Rov' object has no attribute 'enable_thrusters'
ERROR:__main__:CRITICAL EXCEPTION IN MAIN: 'NoneType' object has no attribute 'decode'
ERROR:__main__:CRITICAL EXCEPTION IN MAIN: 'Rov' object has no attribute 'enable_thrusters'
ERROR:__main__:CRITICAL EXCEPTION IN MAIN: 'NoneType' object has no attribute 'decode'
ERROR:__main__:CRITICAL EXCEPTION IN MAIN: 'Rov' object has no attribute 'enable_thrusters'
ERROR:__main__:CRITICAL EXCEPTION IN MAIN: 'NoneType' object has no attribute 'decode'
ERROR:__main__:CRITICAL EXCEPTION IN MAIN: 'Rov' object has no attribute 'enable_thrusters'
ERROR:__main__:CRITICAL EXCEPTION IN MAIN: 'NoneType' object has no attribute 'decode'
ERROR:__main__:CRITICAL EXCEPTION IN MAIN: 'Rov' object has no attribute 'enable_thrusters'
ERROR:__main__:CRITICAL EXCEPTION IN MAIN: 'NoneType' object has no attribute 'decode'
ERROR:__main__:CRITICAL EXCEPTION IN MAIN: 'Rov' object has no attribute 'enable_thrusters'
ERROR:__main__:CRITICAL EXCEPTION IN MAIN: 'NoneType' object has no attribute 'decode'
ERROR:__main__:CRITICAL EXCEPTION IN MAIN: 'Rov' object has no attribute 'enable_thrusters'
ERROR:__main__:CRITICAL EXCEPTION IN MAIN: 'NoneType' object has no attribute 'decode'
ERROR:__main__:CRITICAL EXCEPTION IN MAIN: 'Rov' object has no attribute 'enable_thrusters'
ERROR:__main__:CRITICAL EXCEPTION IN MAIN: 'NoneType' object has no attribute 'decode'
ERROR:__main__:CRITICAL EXCEPTION IN MAIN: 'Rov' object has no attribute 'enable_thrusters'
ERROR:__main__:CRITICAL EXCEPTION IN MAIN: 'NoneType' object has no attribute 'decode'
ERROR:__main__:CRITICAL EXCEPTION IN MAIN: 'Rov' object has no attribute 'enable_thrusters'
ERROR:__main__:CRITICAL EXCEPTION IN MAIN: 'NoneType' object has no attribute 'decode'
ERROR:__main__:CRITICAL EXCEPTION IN MAIN: 'Rov' object has no attribute 'enable_thrusters'
ERROR:__main__:CRITICAL EXCEPTION IN MAIN: 'NoneType' object has no attribute 'decode'
ERROR:__main__:CRITICAL EXCEPTION IN MAIN: 'Rov' object has no attribute 'enable_thrusters'
ERROR:__main__:CRITICAL EXCEPTION IN MAIN: 'NoneType' object has no attribute 'decode'
ERROR:__main__:CRITICAL EXCEPTION IN MAIN: 'Rov' object has no attribute 'enable_thrusters'
ERROR:__main__:CRITICAL EXCEPTION IN MAIN: 'NoneType' object has no attribute 'decode'
ERROR:__main__:CRITICAL EXCEPTION IN MAIN: 'Rov' object has no attribute 'enable_thrusters'
ERROR:__main__:CRITICAL EXCEPTION IN MAIN: 'NoneType' object has no attribute 'decode'
ERROR:__main__:CRITICAL EXCEPTION IN MAIN: 'Rov' object has no attribute 'enable_thrusters'
ERROR:__main__:CRITICAL EXCEPTION IN MAIN: 'NoneType' object has no attribute 'decode'
ERROR:__main__:CRITICAL EXCEPTION IN MAIN: 'Rov' object has no attribute 'enable_thrusters'
ERROR:__main__:CRITICAL EXCEPTION IN MAIN: 'NoneType' object has no attribute 'decode'
ERROR:__main__:CRITICAL EXCEPTION IN MAIN: 'Rov' object has no attribute 'enable_thrusters'
ERROR:__main__:CRITICAL EXCEPTION IN MAIN: 'Rov' object has no attribute 'enable_thrusters'
