INFO:__main__:Started logger
INFO:Interfaces.i2cbus:hello i2c bus
INFO:Drivers.PDB:PDB Initialized
INFO:Drivers.PDB:PDB Ready
ERROR:Interfaces.i2cbus:[Errno 110] Connection timed out
INFO:Interfaces.Surface:Attemping to bind to client
INFO:__main__:Started logger
INFO:Interfaces.i2cbus:hello i2c bus
INFO:Drivers.PDB:PDB Initialized
ERROR:Interfaces.i2cbus:[Errno 110] Connection timed out
INFO:Drivers.PDB:PDB Ready
ERROR:Interfaces.i2cbus:[Errno 110] Connection timed out
INFO:Interfaces.Surface:Attemping to bind to client
INFO:Interfaces.TCP:Connected by ('192.168.1.9', 51791)
INFO:Interfaces.Surface:Done bind to client
ERROR:Interfaces.i2cbus:[Errno 110] Connection timed out
ERROR:Interfaces.i2cbus:[Errno 110] Connection timed out
ERROR:Drivers.Revolver:Unable to enable thruster 0
ERROR:Interfaces.i2cbus:[Errno 110] Connection timed out
ERROR:Drivers.Revolver:Unable to enable thruster 1
ERROR:Interfaces.i2cbus:[Errno 110] Connection timed out
ERROR:Drivers.Revolver:Unable to enable thruster 2
ERROR:Interfaces.i2cbus:[Errno 110] Connection timed out
ERROR:Drivers.Revolver:Unable to enable thruster 3
ERROR:Interfaces.i2cbus:[Errno 110] Connection timed out
ERROR:Drivers.Revolver:Unable to enable thruster 4
ERROR:Interfaces.i2cbus:[Errno 110] Connection timed out
ERROR:Drivers.Revolver:Unable to enable thruster 5
ERROR:Drivers.Revolver:Cannot set speed. Motor 0 is disabled or in brake mode.
ERROR:Drivers.Revolver:Cannot set speed. Motor 1 is disabled or in brake mode.
ERROR:Drivers.Revolver:Cannot set speed. Motor 2 is disabled or in brake mode.
ERROR:Drivers.Revolver:Cannot set speed. Motor 3 is disabled or in brake mode.
ERROR:Drivers.Revolver:Cannot set speed. Motor 4 is disabled or in brake mode.
ERROR:Drivers.Revolver:Cannot set speed. Motor 5 is disabled or in brake mode.
INFO:__main__:Started logger
INFO:Interfaces.i2cbus:hello i2c bus
INFO:Drivers.PDB:PDB Initialized
ERROR:Interfaces.i2cbus:[Errno 110] Connection timed out
INFO:Drivers.PDB:PDB Ready
ERROR:Interfaces.i2cbus:[Errno 110] Connection timed out
INFO:Interfaces.Surface:Attemping to bind to client
INFO:Interfaces.TCP:Connected by ('192.168.1.9', 51801)
INFO:Interfaces.Surface:Done bind to client
ERROR:Interfaces.i2cbus:[Errno 110] Connection timed out
ERROR:Interfaces.i2cbus:[Errno 110] Connection timed out
ERROR:Drivers.Revolver:Unable to enable thruster 0
ERROR:Interfaces.i2cbus:[Errno 110] Connection timed out
ERROR:Drivers.Revolver:Unable to enable thruster 1
ERROR:Interfaces.i2cbus:[Errno 110] Connection timed out
ERROR:Drivers.Revolver:Unable to enable thruster 2
ERROR:Interfaces.i2cbus:[Errno 110] Connection timed out
ERROR:Drivers.Revolver:Unable to enable thruster 3
ERROR:Interfaces.i2cbus:[Errno 110] Connection timed out
ERROR:Drivers.Revolver:Unable to enable thruster 4
ERROR:Interfaces.i2cbus:[Errno 110] Connection timed out
ERROR:Drivers.Revolver:Unable to enable thruster 5
ERROR:Drivers.Revolver:Cannot set speed. Motor 0 is disabled or in brake mode.
ERROR:Drivers.Revolver:Cannot set speed. Motor 1 is disabled or in brake mode.
ERROR:Drivers.Revolver:Cannot set speed. Motor 2 is disabled or in brake mode.
ERROR:Drivers.Revolver:Cannot set speed. Motor 3 is disabled or in brake mode.
ERROR:Drivers.Revolver:Cannot set speed. Motor 4 is disabled or in brake mode.
ERROR:Drivers.Revolver:Cannot set speed. Motor 5 is disabled or in brake mode.
ERROR:Interfaces.i2cbus:[Errno 110] Connection timed out
ERROR:Interfaces.i2cbus:[Errno 110] Connection timed out
ERROR:Drivers.Revolver:Unable to enable thruster 0
ERROR:Interfaces.i2cbus:[Errno 110] Connection timed out
ERROR:Drivers.Revolver:Unable to enable thruster 1
ERROR:Interfaces.i2cbus:[Errno 110] Connection timed out
ERROR:Drivers.Revolver:Unable to enable thruster 2
ERROR:Interfaces.i2cbus:[Errno 110] Connection timed out
ERROR:Drivers.Revolver:Unable to enable thruster 3
ERROR:Interfaces.i2cbus:[Errno 110] Connection timed out
ERROR:Drivers.Revolver:Unable to enable thruster 4
ERROR:Interfaces.i2cbus:[Errno 110] Connection timed out
ERROR:Drivers.Revolver:Unable to enable thruster 5
ERROR:Drivers.Revolver:Cannot set speed. Motor 0 is disabled or in brake mode.
ERROR:Drivers.Revolver:Cannot set speed. Motor 1 is disabled or in brake mode.
ERROR:Drivers.Revolver:Cannot set speed. Motor 2 is disabled or in brake mode.
ERROR:Drivers.Revolver:Cannot set speed. Motor 3 is disabled or in brake mode.
ERROR:Drivers.Revolver:Cannot set speed. Motor 4 is disabled or in brake mode.
ERROR:Drivers.Revolver:Cannot set speed. Motor 5 is disabled or in brake mode.
ERROR:Interfaces.i2cbus:[Errno 110] Connection timed out
ERROR:Interfaces.i2cbus:[Errno 110] Connection timed out
ERROR:Drivers.Revolver:Unable to enable thruster 0
ERROR:Interfaces.i2cbus:[Errno 110] Connection timed out
ERROR:Drivers.Revolver:Unable to enable thruster 1
ERROR:Interfaces.i2cbus:[Errno 110] Connection timed out
ERROR:Drivers.Revolver:Unable to enable thruster 2
ERROR:Interfaces.i2cbus:[Errno 110] Connection timed out
ERROR:Drivers.Revolver:Unable to enable thruster 3
ERROR:Interfaces.i2cbus:[Errno 110] Connection timed out
ERROR:Drivers.Revolver:Unable to enable thruster 4
ERROR:Interfaces.i2cbus:[Errno 110] Connection timed out
ERROR:Drivers.Revolver:Unable to enable thruster 5
ERROR:Drivers.Revolver:Cannot set speed. Motor 0 is disabled or in brake mode.
ERROR:Drivers.Revolver:Cannot set speed. Motor 1 is disabled or in brake mode.
ERROR:Drivers.Revolver:Cannot set speed. Motor 2 is disabled or in brake mode.
ERROR:Drivers.Revolver:Cannot set speed. Motor 3 is disabled or in brake mode.
ERROR:Drivers.Revolver:Cannot set speed. Motor 4 is disabled or in brake mode.
ERROR:Drivers.Revolver:Cannot set speed. Motor 5 is disabled or in brake mode.
ERROR:Interfaces.i2cbus:[Errno 110] Connection timed out
ERROR:Interfaces.i2cbus:[Errno 110] Connection timed out
ERROR:Drivers.Revolver:Unable to enable thruster 0
ERROR:Interfaces.i2cbus:[Errno 110] Connection timed out
ERROR:Drivers.Revolver:Unable to enable thruster 1
ERROR:Interfaces.i2cbus:[Errno 110] Connection timed out
ERROR:Drivers.Revolver:Unable to enable thruster 2
ERROR:Interfaces.i2cbus:[Errno 110] Connection timed out
ERROR:Drivers.Revolver:Unable to enable thruster 3
ERROR:Interfaces.i2cbus:[Errno 110] Connection timed out
ERROR:Drivers.Revolver:Unable to enable thruster 4
ERROR:Interfaces.i2cbus:[Errno 110] Connection timed out
ERROR:Drivers.Revolver:Unable to enable thruster 5
ERROR:Drivers.Revolver:Cannot set speed. Motor 0 is disabled or in brake mode.
ERROR:Drivers.Revolver:Cannot set speed. Motor 1 is disabled or in brake mode.
ERROR:Drivers.Revolver:Cannot set speed. Motor 2 is disabled or in brake mode.
ERROR:Drivers.Revolver:Cannot set speed. Motor 3 is disabled or in brake mode.
ERROR:Drivers.Revolver:Cannot set speed. Motor 4 is disabled or in brake mode.
ERROR:Drivers.Revolver:Cannot set speed. Motor 5 is disabled or in brake mode.
ERROR:Interfaces.i2cbus:[Errno 110] Connection timed out
ERROR:Interfaces.i2cbus:[Errno 110] Connection timed out
ERROR:Drivers.Revolver:Unable to enable thruster 0
ERROR:Interfaces.i2cbus:[Errno 110] Connection timed out
ERROR:Drivers.Revolver:Unable to enable thruster 1
ERROR:Interfaces.i2cbus:[Errno 110] Connection timed out
ERROR:Drivers.Revolver:Unable to enable thruster 2
ERROR:Interfaces.i2cbus:[Errno 110] Connection timed out
ERROR:Drivers.Revolver:Unable to enable thruster 3
ERROR:Interfaces.i2cbus:[Errno 110] Connection timed out
ERROR:Drivers.Revolver:Unable to enable thruster 4
ERROR:Interfaces.i2cbus:[Errno 110] Connection timed out
ERROR:Drivers.Revolver:Unable to enable thruster 5
ERROR:Drivers.Revolver:Cannot set speed. Motor 0 is disabled or in brake mode.
ERROR:Drivers.Revolver:Cannot set speed. Motor 1 is disabled or in brake mode.
ERROR:Drivers.Revolver:Cannot set speed. Motor 2 is disabled or in brake mode.
ERROR:Drivers.Revolver:Cannot set speed. Motor 3 is disabled or in brake mode.
ERROR:Drivers.Revolver:Cannot set speed. Motor 4 is disabled or in brake mode.
ERROR:Drivers.Revolver:Cannot set speed. Motor 5 is disabled or in brake mode.
ERROR:Interfaces.i2cbus:[Errno 110] Connection timed out
